2016-07-22 15:34:04 [ main:0 ] - [ DEBUG ] SpringJUnit4ClassRunner constructor called with [class com.panjoy.shop.ShopTest].
  2016-07-22 15:34:04 [ main:88 ] - [ DEBUG ] Delegating to GenericXmlContextLoader to process context configuration [ContextConfigurationAttributes@3f64fffc declaringClass = 'com.panjoy.shop.ShopTest', classes = '{}', locations = '{classpath*:applicationContext-*.xml}', inheritLocations = true, initializers = '{}', inheritInitializers = true, name = [null], contextLoaderClass = 'org.springframework.test.context.ContextLoader'].
  2016-07-22 15:34:04 [ main:90 ] - [ DEBUG ] Could not find an 'annotation declaring class' for annotation type [org.springframework.test.context.ActiveProfiles] and class [com.panjoy.shop.ShopTest]
  2016-07-22 15:34:04 [ main:94 ] - [ DEBUG ] @TestExecutionListeners is not present for class [com.panjoy.shop.ShopTest]: using defaults.
  2016-07-22 15:34:04 [ main:129 ] - [ DEBUG ] Retrieved @ProfileValueSourceConfiguration [null] for test class [com.panjoy.shop.ShopTest]
  2016-07-22 15:34:04 [ main:131 ] - [ DEBUG ] Retrieved ProfileValueSource type [class org.springframework.test.annotation.SystemProfileValueSource] for class [com.panjoy.shop.ShopTest]
  2016-07-22 15:34:04 [ main:133 ] - [ DEBUG ] Retrieved @ProfileValueSourceConfiguration [null] for test class [com.panjoy.shop.ShopTest]
  2016-07-22 15:34:04 [ main:135 ] - [ DEBUG ] Retrieved ProfileValueSource type [class org.springframework.test.annotation.SystemProfileValueSource] for class [com.panjoy.shop.ShopTest]
  2016-07-22 15:34:04 [ main:141 ] - [ DEBUG ] Retrieved @ProfileValueSourceConfiguration [null] for test class [com.panjoy.shop.ShopTest]
  2016-07-22 15:34:04 [ main:142 ] - [ DEBUG ] Retrieved ProfileValueSource type [class org.springframework.test.annotation.SystemProfileValueSource] for class [com.panjoy.shop.ShopTest]
  2016-07-22 15:34:04 [ main:146 ] - [ DEBUG ] Performing dependency injection for test context [[TestContext@2e510e35 testClass = ShopTest, testInstance = com.panjoy.shop.ShopTest@4b7bd154, testMethod = [null], testException = [null], mergedContextConfiguration = [MergedContextConfiguration@2dec0883 testClass = ShopTest, locations = '{classpath*:applicationContext-*.xml}', classes = '{}', contextInitializerClasses = '[]', activeProfiles = '{}', contextLoader = 'org.springframework.test.context.support.DelegatingSmartContextLoader', parent = [null]]]].
  2016-07-22 15:34:04 [ main:147 ] - [ DEBUG ] Delegating to GenericXmlContextLoader to load context from [MergedContextConfiguration@2dec0883 testClass = ShopTest, locations = '{classpath*:applicationContext-*.xml}', classes = '{}', contextInitializerClasses = '[]', activeProfiles = '{}', contextLoader = 'org.springframework.test.context.support.DelegatingSmartContextLoader', parent = [null]].
  2016-07-22 15:34:04 [ main:148 ] - [ DEBUG ] Loading ApplicationContext for merged context configuration [[MergedContextConfiguration@2dec0883 testClass = ShopTest, locations = '{classpath*:applicationContext-*.xml}', classes = '{}', contextInitializerClasses = '[]', activeProfiles = '{}', contextLoader = 'org.springframework.test.context.support.DelegatingSmartContextLoader', parent = [null]]].
  2016-07-22 15:34:04 [ main:278 ] - [ DEBUG ] Adding [systemProperties] PropertySource with lowest search precedence
  2016-07-22 15:34:04 [ main:281 ] - [ DEBUG ] Adding [systemEnvironment] PropertySource with lowest search precedence
  2016-07-22 15:34:04 [ main:282 ] - [ DEBUG ] Initialized StandardEnvironment with PropertySources [systemProperties,systemEnvironment]
  2016-07-22 15:34:04 [ main:305 ] - [ DEBUG ] Looking for matching resources in directory tree [G:\Java\worspace\shop\target\test-classes]
  2016-07-22 15:34:04 [ main:306 ] - [ DEBUG ] Searching directory [G:\Java\worspace\shop\target\test-classes] for files matching pattern [G:/Java/worspace/shop/target/test-classes/applicationContext-*.xml]
  2016-07-22 15:34:04 [ main:309 ] - [ DEBUG ] Looking for matching resources in directory tree [G:\Java\worspace\shop\target\classes]
  2016-07-22 15:34:04 [ main:310 ] - [ DEBUG ] Searching directory [G:\Java\worspace\shop\target\classes] for files matching pattern [G:/Java/worspace/shop/target/classes/applicationContext-*.xml]
  2016-07-22 15:34:04 [ main:314 ] - [ DEBUG ] Resolved location pattern [classpath*:applicationContext-*.xml] to resources [file [G:\Java\worspace\shop\target\classes\applicationContext-Action.xml], file [G:\Java\worspace\shop\target\classes\applicationContext-Public.xml], file [G:\Java\worspace\shop\target\classes\applicationContext-Service.xml]]
  2016-07-22 15:34:04 [ main:315 ] - [ INFO ] Loading XML bean definitions from file [G:\Java\worspace\shop\target\classes\applicationContext-Action.xml]
  2016-07-22 15:34:04 [ main:348 ] - [ DEBUG ] Using JAXP provider [com.sun.org.apache.xerces.internal.jaxp.DocumentBuilderFactoryImpl]
  2016-07-22 15:34:04 [ main:399 ] - [ DEBUG ] Loading schema mappings from [META-INF/spring.schemas]
  2016-07-22 15:34:04 [ main:405 ] - [ DEBUG ] Loaded schema mappings: {http://www.springframework.org/schema/util/spring-util.xsd=org/springframework/beans/factory/xml/spring-util-3.2.xsd, http://www.springframework.org/schema/jee/spring-jee-3.2.xsd=org/springframework/ejb/config/spring-jee-3.2.xsd, http://www.springframework.org/schema/beans/spring-beans-3.1.xsd=org/springframework/beans/factory/xml/spring-beans-3.1.xsd, http://www.springframework.org/schema/task/spring-task.xsd=org/springframework/scheduling/config/spring-task-3.2.xsd, http://www.springframework.org/schema/cache/spring-cache.xsd=org/springframework/cache/config/spring-cache-3.2.xsd, http://www.springframework.org/schema/aop/spring-aop-3.0.xsd=org/springframework/aop/config/spring-aop-3.0.xsd, http://www.springframework.org/schema/aop/spring-aop-2.0.xsd=org/springframework/aop/config/spring-aop-2.0.xsd, http://www.springframework.org/schema/task/spring-task-3.1.xsd=org/springframework/scheduling/config/spring-task-3.1.xsd, http://www.springframework.org/schema/tool/spring-tool-2.5.xsd=org/springframework/beans/factory/xml/spring-tool-2.5.xsd, http://www.springframework.org/schema/beans/spring-beans.xsd=org/springframework/beans/factory/xml/spring-beans-3.2.xsd, http://www.springframework.org/schema/jee/spring-jee-2.5.xsd=org/springframework/ejb/config/spring-jee-2.5.xsd, http://www.springframework.org/schema/jdbc/spring-jdbc-3.1.xsd=org/springframework/jdbc/config/spring-jdbc-3.1.xsd, http://www.springframework.org/schema/tool/spring-tool-3.1.xsd=org/springframework/beans/factory/xml/spring-tool-3.1.xsd, http://www.springframework.org/schema/aop/spring-aop.xsd=org/springframework/aop/config/spring-aop-3.2.xsd, http://www.springframework.org/schema/jee/spring-jee-3.1.xsd=org/springframework/ejb/config/spring-jee-3.1.xsd, http://www.springframework.org/schema/tx/spring-tx-3.2.xsd=org/springframework/transaction/config/spring-tx-3.2.xsd, http://www.springframework.org/schema/context/spring-context-3.2.xsd=org/springframework/context/config/spring-context-3.2.xsd, http://www.springframework.org/schema/util/spring-util-3.2.xsd=org/springframework/beans/factory/xml/spring-util-3.2.xsd, http://www.springframework.org/schema/beans/spring-beans-2.0.xsd=org/springframework/beans/factory/xml/spring-beans-2.0.xsd, http://www.springframework.org/schema/lang/spring-lang-3.2.xsd=org/springframework/scripting/config/spring-lang-3.2.xsd, http://www.springframework.org/schema/beans/spring-beans-3.0.xsd=org/springframework/beans/factory/xml/spring-beans-3.0.xsd, http://www.springframework.org/schema/cache/spring-cache-3.2.xsd=org/springframework/cache/config/spring-cache-3.2.xsd, http://www.springframework.org/schema/task/spring-task-3.0.xsd=org/springframework/scheduling/config/spring-task-3.0.xsd, http://www.springframework.org/schema/tx/spring-tx-2.5.xsd=org/springframework/transaction/config/spring-tx-2.5.xsd, http://www.springframework.org/schema/context/spring-context-2.5.xsd=org/springframework/context/config/spring-context-2.5.xsd, http://www.springframework.org/schema/jdbc/spring-jdbc-3.0.xsd=org/springframework/jdbc/config/spring-jdbc-3.0.xsd, http://www.springframework.org/schema/tool/spring-tool-3.0.xsd=org/springframework/beans/factory/xml/spring-tool-3.0.xsd, http://www.springframework.org/schema/tx/spring-tx.xsd=org/springframework/transaction/config/spring-tx-3.2.xsd, http://www.springframework.org/schema/util/spring-util-2.5.xsd=org/springframework/beans/factory/xml/spring-util-2.5.xsd, http://www.springframework.org/schema/tool/spring-tool-2.0.xsd=org/springframework/beans/factory/xml/spring-tool-2.0.xsd, http://www.springframework.org/schema/lang/spring-lang.xsd=org/springframework/scripting/config/spring-lang-3.2.xsd, http://www.springframework.org/schema/lang/spring-lang-2.5.xsd=org/springframework/scripting/config/spring-lang-2.5.xsd, http://www.springframework.org/schema/aop/spring-aop-3.2.xsd=org/springframework/aop/config/spring-aop-3.2.xsd, http://www.springframework.org/schema/jee/spring-jee-3.0.xsd=org/springframework/ejb/config/spring-jee-3.0.xsd, http://www.springframework.org/schema/tx/spring-tx-3.1.xsd=org/springframework/transaction/config/spring-tx-3.1.xsd, http://www.springframework.org/schema/jee/spring-jee-2.0.xsd=org/springframework/ejb/config/spring-jee-2.0.xsd, http://www.springframework.org/schema/context/spring-context-3.1.xsd=org/springframework/context/config/spring-context-3.1.xsd, http://www.springframework.org/schema/util/spring-util-3.1.xsd=org/springframework/beans/factory/xml/spring-util-3.1.xsd, http://www.springframework.org/schema/lang/spring-lang-3.1.xsd=org/springframework/scripting/config/spring-lang-3.1.xsd, http://www.springframework.org/schema/cache/spring-cache-3.1.xsd=org/springframework/cache/config/spring-cache-3.1.xsd, http://www.springframework.org/schema/context/spring-context.xsd=org/springframework/context/config/spring-context-3.2.xsd, http://www.springframework.org/schema/jee/spring-jee.xsd=org/springframework/ejb/config/spring-jee-3.2.xsd, http://www.springframework.org/schema/aop/spring-aop-2.5.xsd=org/springframework/aop/config/spring-aop-2.5.xsd, http://www.springframework.org/schema/jdbc/spring-jdbc.xsd=org/springframework/jdbc/config/spring-jdbc-3.2.xsd, http://www.springframework.org/schema/beans/spring-beans-3.2.xsd=org/springframework/beans/factory/xml/spring-beans-3.2.xsd, http://www.springframework.org/schema/tx/spring-tx-2.0.xsd=org/springframework/transaction/config/spring-tx-2.0.xsd, http://www.springframework.org/schema/aop/spring-aop-3.1.xsd=org/springframework/aop/config/spring-aop-3.1.xsd, http://www.springframework.org/schema/task/spring-task-3.2.xsd=org/springframework/scheduling/config/spring-task-3.2.xsd, http://www.springframework.org/schema/tx/spring-tx-3.0.xsd=org/springframework/transaction/config/spring-tx-3.0.xsd, http://www.springframework.org/schema/context/spring-context-3.0.xsd=org/springframework/context/config/spring-context-3.0.xsd, http://www.springframework.org/schema/tool/spring-tool.xsd=org/springframework/beans/factory/xml/spring-tool-3.2.xsd, http://www.springframework.org/schema/util/spring-util-3.0.xsd=org/springframework/beans/factory/xml/spring-util-3.0.xsd, http://www.springframework.org/schema/util/spring-util-2.0.xsd=org/springframework/beans/factory/xml/spring-util-2.0.xsd, http://www.springframework.org/schema/lang/spring-lang-3.0.xsd=org/springframework/scripting/config/spring-lang-3.0.xsd, http://www.springframework.org/schema/lang/spring-lang-2.0.xsd=org/springframework/scripting/config/spring-lang-2.0.xsd, http://www.springframework.org/schema/jdbc/spring-jdbc-3.2.xsd=org/springframework/jdbc/config/spring-jdbc-3.2.xsd, http://www.springframework.org/schema/tool/spring-tool-3.2.xsd=org/springframework/beans/factory/xml/spring-tool-3.2.xsd, http://www.springframework.org/schema/beans/spring-beans-2.5.xsd=org/springframework/beans/factory/xml/spring-beans-2.5.xsd}
  2016-07-22 15:34:04 [ main:410 ] - [ DEBUG ] Found XML schema [http://www.springframework.org/schema/beans/spring-beans.xsd] in classpath: org/springframework/beans/factory/xml/spring-beans-3.2.xsd
  2016-07-22 15:34:04 [ main:504 ] - [ DEBUG ] Loading bean definitions
  2016-07-22 15:34:05 [ main:539 ] - [ INFO ] Loading XML bean definitions from file [G:\Java\worspace\shop\target\classes\applicationContext-Public.xml]
  2016-07-22 15:34:05 [ main:542 ] - [ DEBUG ] Using JAXP provider [com.sun.org.apache.xerces.internal.jaxp.DocumentBuilderFactoryImpl]
  2016-07-22 15:34:05 [ main:545 ] - [ DEBUG ] Found XML schema [http://www.springframework.org/schema/beans/spring-beans.xsd] in classpath: org/springframework/beans/factory/xml/spring-beans-3.2.xsd
  2016-07-22 15:34:05 [ main:581 ] - [ DEBUG ] Found XML schema [http://www.springframework.org/schema/context/spring-context-3.2.xsd] in classpath: org/springframework/context/config/spring-context-3.2.xsd
  2016-07-22 15:34:05 [ main:594 ] - [ DEBUG ] Found XML schema [http://www.springframework.org/schema/tool/spring-tool-3.2.xsd] in classpath: org/springframework/beans/factory/xml/spring-tool-3.2.xsd
  2016-07-22 15:34:05 [ main:613 ] - [ DEBUG ] Found XML schema [http://www.springframework.org/schema/tx/spring-tx-3.2.xsd] in classpath: org/springframework/transaction/config/spring-tx-3.2.xsd
  2016-07-22 15:34:05 [ main:623 ] - [ DEBUG ] Found XML schema [http://www.springframework.org/schema/aop/spring-aop-3.2.xsd] in classpath: org/springframework/aop/config/spring-aop-3.2.xsd
  2016-07-22 15:34:05 [ main:636 ] - [ DEBUG ] Loading bean definitions
  2016-07-22 15:34:05 [ main:639 ] - [ DEBUG ] Loaded NamespaceHandler mappings: {http://www.springframework.org/schema/p=org.springframework.beans.factory.xml.SimplePropertyNamespaceHandler, http://www.springframework.org/schema/util=org.springframework.beans.factory.xml.UtilNamespaceHandler, http://www.springframework.org/schema/jee=org.springframework.ejb.config.JeeNamespaceHandler, http://www.springframework.org/schema/aop=org.springframework.aop.config.AopNamespaceHandler, http://www.springframework.org/schema/jdbc=org.springframework.jdbc.config.JdbcNamespaceHandler, http://www.springframework.org/schema/cache=org.springframework.cache.config.CacheNamespaceHandler, http://www.springframework.org/schema/c=org.springframework.beans.factory.xml.SimpleConstructorNamespaceHandler, http://www.springframework.org/schema/tx=org.springframework.transaction.config.TxNamespaceHandler, http://www.springframework.org/schema/task=org.springframework.scheduling.config.TaskNamespaceHandler, http://www.springframework.org/schema/lang=org.springframework.scripting.config.LangNamespaceHandler, http://www.springframework.org/schema/context=org.springframework.context.config.ContextNamespaceHandler}
  2016-07-22 15:34:05 [ main:729 ] - [ INFO ] Loading XML bean definitions from file [G:\Java\worspace\shop\target\classes\applicationContext-Service.xml]
  2016-07-22 15:34:05 [ main:732 ] - [ DEBUG ] Using JAXP provider [com.sun.org.apache.xerces.internal.jaxp.DocumentBuilderFactoryImpl]
  2016-07-22 15:34:05 [ main:735 ] - [ DEBUG ] Found XML schema [http://www.springframework.org/schema/beans/spring-beans.xsd] in classpath: org/springframework/beans/factory/xml/spring-beans-3.2.xsd
  2016-07-22 15:34:05 [ main:761 ] - [ DEBUG ] Loading bean definitions
  2016-07-22 15:34:05 [ main:763 ] - [ INFO ] Overriding bean definition for bean 'categoryService': replacing [Generic bean: class [com.panjoy.service.impl.CategoryServiceImpl]; scope=; abstract=false; lazyInit=false; autowireMode=0; dependencyCheck=0; autowireCandidate=true; primary=false; factoryBeanName=null; factoryMethodName=null; initMethodName=null; destroyMethodName=null; defined in file [G:\Java\worspace\shop\target\classes\applicationContext-Action.xml]] with [Generic bean: class [com.panjoy.service.impl.CategoryServiceImpl]; scope=; abstract=false; lazyInit=false; autowireMode=0; dependencyCheck=0; autowireCandidate=true; primary=false; factoryBeanName=null; factoryMethodName=null; initMethodName=null; destroyMethodName=null; defined in file [G:\Java\worspace\shop\target\classes\applicationContext-Service.xml]]
  2016-07-22 15:34:05 [ main:764 ] - [ DEBUG ] Loaded 9 bean definitions from location pattern [classpath*:applicationContext-*.xml]
  2016-07-22 15:34:05 [ main:786 ] - [ INFO ] Refreshing org.springframework.context.support.GenericApplicationContext@a52a72a: startup date [Fri Jul 22 15:34:05 CST 2016]; root of context hierarchy
  2016-07-22 15:34:05 [ main:787 ] - [ DEBUG ] Bean factory for org.springframework.context.support.GenericApplicationContext@a52a72a: org.springframework.beans.factory.support.DefaultListableBeanFactory@745ad2de: defining beans [categoryService,org.springframework.context.support.PropertySourcesPlaceholderConfigurer#0,dataSource,sessionFactory,transactionManager,txAdvice,org.springframework.aop.config.internalAutoProxyCreator,pointcut,org.springframework.aop.support.DefaultBeanFactoryPointcutAdvisor#0,org.springframework.context.annotation.internalConfigurationAnnotationProcessor,org.springframework.context.annotation.internalAutowiredAnnotationProcessor,org.springframework.context.annotation.internalRequiredAnnotationProcessor,org.springframework.context.annotation.internalCommonAnnotationProcessor,org.springframework.context.annotation.internalPersistenceAnnotationProcessor]; root of factory hierarchy
  2016-07-22 15:34:05 [ main:833 ] - [ DEBUG ] Creating shared instance of singleton bean 'org.springframework.context.annotation.internalConfigurationAnnotationProcessor'
  2016-07-22 15:34:05 [ main:834 ] - [ DEBUG ] Creating instance of bean 'org.springframework.context.annotation.internalConfigurationAnnotationProcessor'
  2016-07-22 15:34:05 [ main:858 ] - [ DEBUG ] Eagerly caching bean 'org.springframework.context.annotation.internalConfigurationAnnotationProcessor' to allow for resolving potential circular references
  2016-07-22 15:34:05 [ main:861 ] - [ DEBUG ] Finished creating instance of bean 'org.springframework.context.annotation.internalConfigurationAnnotationProcessor'
  2016-07-22 15:34:05 [ main:932 ] - [ DEBUG ] Creating shared instance of singleton bean 'org.springframework.context.support.PropertySourcesPlaceholderConfigurer#0'
  2016-07-22 15:34:05 [ main:932 ] - [ DEBUG ] Creating instance of bean 'org.springframework.context.support.PropertySourcesPlaceholderConfigurer#0'
  2016-07-22 15:34:05 [ main:935 ] - [ DEBUG ] Eagerly caching bean 'org.springframework.context.support.PropertySourcesPlaceholderConfigurer#0' to allow for resolving potential circular references
  2016-07-22 15:34:05 [ main:966 ] - [ DEBUG ] Finished creating instance of bean 'org.springframework.context.support.PropertySourcesPlaceholderConfigurer#0'
  2016-07-22 15:34:05 [ main:967 ] - [ DEBUG ] Adding [environmentProperties] PropertySource with lowest search precedence
  2016-07-22 15:34:05 [ main:968 ] - [ INFO ] Loading properties file from class path resource [jdbc.properties]
  2016-07-22 15:34:05 [ main:969 ] - [ DEBUG ] Adding [localProperties] PropertySource with lowest search precedence
  2016-07-22 15:34:05 [ main:973 ] - [ DEBUG ] Searching for key 'jdbc.Username' in [environmentProperties]
  2016-07-22 15:34:05 [ main:973 ] - [ DEBUG ] Searching for key 'jdbc.Username' in [systemProperties]
  2016-07-22 15:34:05 [ main:974 ] - [ DEBUG ] Searching for key 'jdbc.Username' in [systemEnvironment]
  2016-07-22 15:34:05 [ main:975 ] - [ DEBUG ] Could not find key 'jdbc.Username' in any property source. Returning [null]
  2016-07-22 15:34:05 [ main:975 ] - [ DEBUG ] Searching for key 'jdbc.Username' in [localProperties]
  2016-07-22 15:34:05 [ main:975 ] - [ DEBUG ] Found key 'jdbc.Username' in [localProperties] with type [String] and value 'root'
  2016-07-22 15:34:05 [ main:977 ] - [ DEBUG ] Searching for key 'jdbc.Password' in [environmentProperties]
  2016-07-22 15:34:05 [ main:978 ] - [ DEBUG ] Searching for key 'jdbc.Password' in [systemProperties]
  2016-07-22 15:34:05 [ main:978 ] - [ DEBUG ] Searching for key 'jdbc.Password' in [systemEnvironment]
  2016-07-22 15:34:05 [ main:979 ] - [ DEBUG ] Could not find key 'jdbc.Password' in any property source. Returning [null]
  2016-07-22 15:34:05 [ main:979 ] - [ DEBUG ] Searching for key 'jdbc.Password' in [localProperties]
  2016-07-22 15:34:05 [ main:980 ] - [ DEBUG ] Found key 'jdbc.Password' in [localProperties] with type [String] and value 'root'
  2016-07-22 15:34:05 [ main:980 ] - [ DEBUG ] Searching for key 'jdbc.driverClass' in [environmentProperties]
  2016-07-22 15:34:05 [ main:981 ] - [ DEBUG ] Searching for key 'jdbc.driverClass' in [systemProperties]
  2016-07-22 15:34:05 [ main:981 ] - [ DEBUG ] Searching for key 'jdbc.driverClass' in [systemEnvironment]
  2016-07-22 15:34:05 [ main:982 ] - [ DEBUG ] Could not find key 'jdbc.driverClass' in any property source. Returning [null]
  2016-07-22 15:34:05 [ main:982 ] - [ DEBUG ] Searching for key 'jdbc.driverClass' in [localProperties]
  2016-07-22 15:34:05 [ main:982 ] - [ DEBUG ] Found key 'jdbc.driverClass' in [localProperties] with type [String] and value 'com.mysql.jdbc.Driver'
  2016-07-22 15:34:05 [ main:983 ] - [ DEBUG ] Searching for key 'jdbc.jdbcUrl' in [environmentProperties]
  2016-07-22 15:34:05 [ main:983 ] - [ DEBUG ] Searching for key 'jdbc.jdbcUrl' in [systemProperties]
  2016-07-22 15:34:05 [ main:984 ] - [ DEBUG ] Searching for key 'jdbc.jdbcUrl' in [systemEnvironment]
  2016-07-22 15:34:05 [ main:985 ] - [ DEBUG ] Could not find key 'jdbc.jdbcUrl' in any property source. Returning [null]
  2016-07-22 15:34:05 [ main:985 ] - [ DEBUG ] Searching for key 'jdbc.jdbcUrl' in [localProperties]
  2016-07-22 15:34:05 [ main:986 ] - [ DEBUG ] Found key 'jdbc.jdbcUrl' in [localProperties] with type [String] and value 'jdbc:mysql://localhost:3306/shop?useUnicode=true&characterEncoding=utf8'
  2016-07-22 15:34:05 [ main:987 ] - [ DEBUG ] Searching for key 'jdbc.InitialSize' in [environmentProperties]
  2016-07-22 15:34:05 [ main:988 ] - [ DEBUG ] Searching for key 'jdbc.InitialSize' in [systemProperties]
  2016-07-22 15:34:05 [ main:988 ] - [ DEBUG ] Searching for key 'jdbc.InitialSize' in [systemEnvironment]
  2016-07-22 15:34:05 [ main:989 ] - [ DEBUG ] Could not find key 'jdbc.InitialSize' in any property source. Returning [null]
  2016-07-22 15:34:05 [ main:989 ] - [ DEBUG ] Searching for key 'jdbc.InitialSize' in [localProperties]
  2016-07-22 15:34:05 [ main:990 ] - [ DEBUG ] Found key 'jdbc.InitialSize' in [localProperties] with type [String] and value '5'
  2016-07-22 15:34:05 [ main:990 ] - [ DEBUG ] Searching for key 'jdbc.minPoolSize' in [environmentProperties]
  2016-07-22 15:34:05 [ main:991 ] - [ DEBUG ] Searching for key 'jdbc.minPoolSize' in [systemProperties]
  2016-07-22 15:34:05 [ main:991 ] - [ DEBUG ] Searching for key 'jdbc.minPoolSize' in [systemEnvironment]
  2016-07-22 15:34:05 [ main:991 ] - [ DEBUG ] Could not find key 'jdbc.minPoolSize' in any property source. Returning [null]
  2016-07-22 15:34:05 [ main:992 ] - [ DEBUG ] Searching for key 'jdbc.minPoolSize' in [localProperties]
  2016-07-22 15:34:05 [ main:992 ] - [ DEBUG ] Found key 'jdbc.minPoolSize' in [localProperties] with type [String] and value '10'
  2016-07-22 15:34:05 [ main:993 ] - [ DEBUG ] Searching for key 'jdbc.MaxActive' in [environmentProperties]
  2016-07-22 15:34:05 [ main:993 ] - [ DEBUG ] Searching for key 'jdbc.MaxActive' in [systemProperties]
  2016-07-22 15:34:05 [ main:993 ] - [ DEBUG ] Searching for key 'jdbc.MaxActive' in [systemEnvironment]
  2016-07-22 15:34:05 [ main:994 ] - [ DEBUG ] Could not find key 'jdbc.MaxActive' in any property source. Returning [null]
  2016-07-22 15:34:05 [ main:994 ] - [ DEBUG ] Searching for key 'jdbc.MaxActive' in [localProperties]
  2016-07-22 15:34:05 [ main:995 ] - [ DEBUG ] Found key 'jdbc.MaxActive' in [localProperties] with type [String] and value '20'
  2016-07-22 15:34:05 [ main:997 ] - [ DEBUG ] Creating shared instance of singleton bean 'org.springframework.context.annotation.internalAutowiredAnnotationProcessor'
  2016-07-22 15:34:05 [ main:997 ] - [ DEBUG ] Creating instance of bean 'org.springframework.context.annotation.internalAutowiredAnnotationProcessor'
  2016-07-22 15:34:05 [ main:999 ] - [ DEBUG ] Eagerly caching bean 'org.springframework.context.annotation.internalAutowiredAnnotationProcessor' to allow for resolving potential circular references
  2016-07-22 15:34:05 [ main:999 ] - [ DEBUG ] Finished creating instance of bean 'org.springframework.context.annotation.internalAutowiredAnnotationProcessor'
  2016-07-22 15:34:05 [ main:999 ] - [ DEBUG ] Creating shared instance of singleton bean 'org.springframework.context.annotation.internalRequiredAnnotationProcessor'
  2016-07-22 15:34:05 [ main:1000 ] - [ DEBUG ] Creating instance of bean 'org.springframework.context.annotation.internalRequiredAnnotationProcessor'
  2016-07-22 15:34:05 [ main:1000 ] - [ DEBUG ] Eagerly caching bean 'org.springframework.context.annotation.internalRequiredAnnotationProcessor' to allow for resolving potential circular references
  2016-07-22 15:34:05 [ main:1001 ] - [ DEBUG ] Finished creating instance of bean 'org.springframework.context.annotation.internalRequiredAnnotationProcessor'
  2016-07-22 15:34:05 [ main:1001 ] - [ DEBUG ] Creating shared instance of singleton bean 'org.springframework.context.annotation.internalCommonAnnotationProcessor'
  2016-07-22 15:34:05 [ main:1001 ] - [ DEBUG ] Creating instance of bean 'org.springframework.context.annotation.internalCommonAnnotationProcessor'
  2016-07-22 15:34:05 [ main:1008 ] - [ DEBUG ] Eagerly caching bean 'org.springframework.context.annotation.internalCommonAnnotationProcessor' to allow for resolving potential circular references
  2016-07-22 15:34:05 [ main:1008 ] - [ DEBUG ] Finished creating instance of bean 'org.springframework.context.annotation.internalCommonAnnotationProcessor'
  2016-07-22 15:34:05 [ main:1009 ] - [ DEBUG ] Creating shared instance of singleton bean 'org.springframework.context.annotation.internalPersistenceAnnotationProcessor'
  2016-07-22 15:34:05 [ main:1009 ] - [ DEBUG ] Creating instance of bean 'org.springframework.context.annotation.internalPersistenceAnnotationProcessor'
  2016-07-22 15:34:05 [ main:1009 ] - [ DEBUG ] Eagerly caching bean 'org.springframework.context.annotation.internalPersistenceAnnotationProcessor' to allow for resolving potential circular references
  2016-07-22 15:34:05 [ main:1010 ] - [ DEBUG ] Finished creating instance of bean 'org.springframework.context.annotation.internalPersistenceAnnotationProcessor'
  2016-07-22 15:34:05 [ main:1010 ] - [ DEBUG ] Creating shared instance of singleton bean 'org.springframework.context.annotation.ConfigurationClassPostProcessor.importAwareProcessor'
  2016-07-22 15:34:05 [ main:1010 ] - [ DEBUG ] Creating instance of bean 'org.springframework.context.annotation.ConfigurationClassPostProcessor.importAwareProcessor'
  2016-07-22 15:34:05 [ main:1011 ] - [ DEBUG ] Eagerly caching bean 'org.springframework.context.annotation.ConfigurationClassPostProcessor.importAwareProcessor' to allow for resolving potential circular references
  2016-07-22 15:34:05 [ main:1011 ] - [ DEBUG ] Finished creating instance of bean 'org.springframework.context.annotation.ConfigurationClassPostProcessor.importAwareProcessor'
  2016-07-22 15:34:05 [ main:1012 ] - [ DEBUG ] Creating shared instance of singleton bean 'org.springframework.aop.config.internalAutoProxyCreator'
  2016-07-22 15:34:05 [ main:1012 ] - [ DEBUG ] Creating instance of bean 'org.springframework.aop.config.internalAutoProxyCreator'
  2016-07-22 15:34:05 [ main:1025 ] - [ DEBUG ] Eagerly caching bean 'org.springframework.aop.config.internalAutoProxyCreator' to allow for resolving potential circular references
  2016-07-22 15:34:05 [ main:1038 ] - [ DEBUG ] Finished creating instance of bean 'org.springframework.aop.config.internalAutoProxyCreator'
  2016-07-22 15:34:05 [ main:1042 ] - [ DEBUG ] Unable to locate MessageSource with name 'messageSource': using default [org.springframework.context.support.DelegatingMessageSource@22eb3fbd]
  2016-07-22 15:34:05 [ main:1046 ] - [ DEBUG ] Unable to locate ApplicationEventMulticaster with name 'applicationEventMulticaster': using default [org.springframework.context.event.SimpleApplicationEventMulticaster@725fbeed]
  2016-07-22 15:34:05 [ main:1050 ] - [ INFO ] Pre-instantiating singletons in org.springframework.beans.factory.support.DefaultListableBeanFactory@745ad2de: defining beans [categoryService,org.springframework.context.support.PropertySourcesPlaceholderConfigurer#0,dataSource,sessionFactory,transactionManager,txAdvice,org.springframework.aop.config.internalAutoProxyCreator,pointcut,org.springframework.aop.support.DefaultBeanFactoryPointcutAdvisor#0,org.springframework.context.annotation.internalConfigurationAnnotationProcessor,org.springframework.context.annotation.internalAutowiredAnnotationProcessor,org.springframework.context.annotation.internalRequiredAnnotationProcessor,org.springframework.context.annotation.internalCommonAnnotationProcessor,org.springframework.context.annotation.internalPersistenceAnnotationProcessor,org.springframework.context.annotation.ConfigurationClassPostProcessor.importAwareProcessor]; root of factory hierarchy
  2016-07-22 15:34:05 [ main:1051 ] - [ DEBUG ] Creating shared instance of singleton bean 'categoryService'
  2016-07-22 15:34:05 [ main:1051 ] - [ DEBUG ] Creating instance of bean 'categoryService'
  2016-07-22 15:34:05 [ main:1052 ] - [ DEBUG ] Creating shared instance of singleton bean 'org.springframework.aop.support.DefaultBeanFactoryPointcutAdvisor#0'
  2016-07-22 15:34:05 [ main:1053 ] - [ DEBUG ] Creating instance of bean 'org.springframework.aop.support.DefaultBeanFactoryPointcutAdvisor#0'
  2016-07-22 15:34:05 [ main:1054 ] - [ DEBUG ] Eagerly caching bean 'org.springframework.aop.support.DefaultBeanFactoryPointcutAdvisor#0' to allow for resolving potential circular references
  2016-07-22 15:34:05 [ main:1071 ] - [ DEBUG ] Creating instance of bean 'pointcut'
  2016-07-22 15:34:05 [ main:1077 ] - [ DEBUG ] Finished creating instance of bean 'pointcut'
  2016-07-22 15:34:05 [ main:1078 ] - [ DEBUG ] Finished creating instance of bean 'org.springframework.aop.support.DefaultBeanFactoryPointcutAdvisor#0'
  2016-07-22 15:34:05 [ main:1082 ] - [ DEBUG ] Eagerly caching bean 'categoryService' to allow for resolving potential circular references
  2016-07-22 15:34:05 [ main:1084 ] - [ DEBUG ] Creating shared instance of singleton bean 'sessionFactory'
  2016-07-22 15:34:05 [ main:1085 ] - [ DEBUG ] Creating instance of bean 'sessionFactory'
  2016-07-22 15:34:05 [ main:1085 ] - [ DEBUG ] Returning cached instance of singleton bean 'org.springframework.aop.support.DefaultBeanFactoryPointcutAdvisor#0'
  2016-07-22 15:34:05 [ main:1103 ] - [ DEBUG ] Eagerly caching bean 'sessionFactory' to allow for resolving potential circular references
  2016-07-22 15:34:05 [ main:1113 ] - [ DEBUG ] Creating shared instance of singleton bean 'dataSource'
  2016-07-22 15:34:05 [ main:1113 ] - [ DEBUG ] Creating instance of bean 'dataSource'
  2016-07-22 15:34:05 [ main:1114 ] - [ DEBUG ] Returning cached instance of singleton bean 'org.springframework.aop.support.DefaultBeanFactoryPointcutAdvisor#0'
  2016-07-22 15:34:05 [ main:1129 ] - [ INFO ] MLog clients using log4j logging.
  2016-07-22 15:34:05 [ main:1509 ] - [ INFO ] Initializing c3p0-0.9.1.2 [built 21-May-2007 15:04:56; debug? true; trace: 10]
  2016-07-22 15:34:06 [ main:1535 ] - [ DEBUG ] MBean: com.mchange.v2.c3p0:type=PooledDataSource[1hgery99i4v23bmrsbzkl|1afb3ad9] registered.
  2016-07-22 15:34:06 [ main:1558 ] - [ DEBUG ] Eagerly caching bean 'dataSource' to allow for resolving potential circular references
  2016-07-22 15:34:06 [ main:1588 ] - [ DEBUG ] Returning cached instance of singleton bean 'org.springframework.aop.support.DefaultBeanFactoryPointcutAdvisor#0'
  2016-07-22 15:34:06 [ main:1589 ] - [ DEBUG ] Returning cached instance of singleton bean 'org.springframework.aop.support.DefaultBeanFactoryPointcutAdvisor#0'
  2016-07-22 15:34:06 [ main:1874 ] - [ DEBUG ] Finished creating instance of bean 'dataSource'
  2016-07-22 15:34:06 [ main:1878 ] - [ DEBUG ] Looking for matching resources in directory tree [G:\Java\worspace\shop\target\test-classes\com\panjoy]
  2016-07-22 15:34:06 [ main:1878 ] - [ DEBUG ] Searching directory [G:\Java\worspace\shop\target\test-classes\com\panjoy] for files matching pattern [G:/Java/worspace/shop/target/test-classes/com/panjoy/**/*.hbm.xml]
  2016-07-22 15:34:06 [ main:1879 ] - [ DEBUG ] Searching directory [G:\Java\worspace\shop\target\test-classes\com\panjoy\shop] for files matching pattern [G:/Java/worspace/shop/target/test-classes/com/panjoy/**/*.hbm.xml]
  2016-07-22 15:34:06 [ main:1880 ] - [ DEBUG ] Looking for matching resources in directory tree [G:\Java\worspace\shop\target\classes\com\panjoy]
  2016-07-22 15:34:06 [ main:1881 ] - [ DEBUG ] Searching directory [G:\Java\worspace\shop\target\classes\com\panjoy] for files matching pattern [G:/Java/worspace/shop/target/classes/com/panjoy/**/*.hbm.xml]
  2016-07-22 15:34:06 [ main:1881 ] - [ DEBUG ] Searching directory [G:\Java\worspace\shop\target\classes\com\panjoy\action] for files matching pattern [G:/Java/worspace/shop/target/classes/com/panjoy/**/*.hbm.xml]
  2016-07-22 15:34:06 [ main:1882 ] - [ DEBUG ] Searching directory [G:\Java\worspace\shop\target\classes\com\panjoy\entity] for files matching pattern [G:/Java/worspace/shop/target/classes/com/panjoy/**/*.hbm.xml]
  2016-07-22 15:34:06 [ main:1883 ] - [ DEBUG ] Searching directory [G:\Java\worspace\shop\target\classes\com\panjoy\service] for files matching pattern [G:/Java/worspace/shop/target/classes/com/panjoy/**/*.hbm.xml]
  2016-07-22 15:34:06 [ main:1885 ] - [ DEBUG ] Searching directory [G:\Java\worspace\shop\target\classes\com\panjoy\service\impl] for files matching pattern [G:/Java/worspace/shop/target/classes/com/panjoy/**/*.hbm.xml]
  2016-07-22 15:34:06 [ main:1886 ] - [ DEBUG ] Searching directory [G:\Java\worspace\shop\target\classes\com\panjoy\shop] for files matching pattern [G:/Java/worspace/shop/target/classes/com/panjoy/**/*.hbm.xml]
  2016-07-22 15:34:06 [ main:1888 ] - [ DEBUG ] Resolved location pattern [classpath*:com/panjoy/**/*.hbm.xml] to resources []
  2016-07-22 15:34:06 [ main:1889 ] - [ DEBUG ] Invoking afterPropertiesSet() on bean with name 'sessionFactory'
  2016-07-22 15:34:06 [ main:1945 ] - [ DEBUG ] Adding type registration boolean -> org.hibernate.type.BooleanType@43f66516
  2016-07-22 15:34:06 [ main:1946 ] - [ DEBUG ] Adding type registration boolean -> org.hibernate.type.BooleanType@43f66516
  2016-07-22 15:34:06 [ main:1946 ] - [ DEBUG ] Adding type registration java.lang.Boolean -> org.hibernate.type.BooleanType@43f66516
  2016-07-22 15:34:06 [ main:1948 ] - [ DEBUG ] Adding type registration numeric_boolean -> org.hibernate.type.NumericBooleanType@566b63d0
  2016-07-22 15:34:06 [ main:1950 ] - [ DEBUG ] Adding type registration true_false -> org.hibernate.type.TrueFalseType@42e3c02a
  2016-07-22 15:34:06 [ main:1951 ] - [ DEBUG ] Adding type registration yes_no -> org.hibernate.type.YesNoType@59b2947f
  2016-07-22 15:34:06 [ main:1954 ] - [ DEBUG ] Adding type registration byte -> org.hibernate.type.ByteType@2577579d
  2016-07-22 15:34:06 [ main:1955 ] - [ DEBUG ] Adding type registration byte -> org.hibernate.type.ByteType@2577579d
  2016-07-22 15:34:06 [ main:1955 ] - [ DEBUG ] Adding type registration java.lang.Byte -> org.hibernate.type.ByteType@2577579d
  2016-07-22 15:34:06 [ main:1957 ] - [ DEBUG ] Adding type registration character -> org.hibernate.type.CharacterType@37fb8c0b
  2016-07-22 15:34:06 [ main:1958 ] - [ DEBUG ] Adding type registration char -> org.hibernate.type.CharacterType@37fb8c0b
  2016-07-22 15:34:06 [ main:1958 ] - [ DEBUG ] Adding type registration java.lang.Character -> org.hibernate.type.CharacterType@37fb8c0b
  2016-07-22 15:34:06 [ main:1961 ] - [ DEBUG ] Adding type registration short -> org.hibernate.type.ShortType@ba6ceb
  2016-07-22 15:34:06 [ main:1962 ] - [ DEBUG ] Adding type registration short -> org.hibernate.type.ShortType@ba6ceb
  2016-07-22 15:34:06 [ main:1962 ] - [ DEBUG ] Adding type registration java.lang.Short -> org.hibernate.type.ShortType@ba6ceb
  2016-07-22 15:34:06 [ main:1964 ] - [ DEBUG ] Adding type registration integer -> org.hibernate.type.IntegerType@602703
  2016-07-22 15:34:06 [ main:1965 ] - [ DEBUG ] Adding type registration int -> org.hibernate.type.IntegerType@602703
  2016-07-22 15:34:06 [ main:1965 ] - [ DEBUG ] Adding type registration java.lang.Integer -> org.hibernate.type.IntegerType@602703
  2016-07-22 15:34:06 [ main:1967 ] - [ DEBUG ] Adding type registration long -> org.hibernate.type.LongType@8a553bb
  2016-07-22 15:34:06 [ main:1968 ] - [ DEBUG ] Adding type registration long -> org.hibernate.type.LongType@8a553bb
  2016-07-22 15:34:06 [ main:1968 ] - [ DEBUG ] Adding type registration java.lang.Long -> org.hibernate.type.LongType@8a553bb
  2016-07-22 15:34:06 [ main:1971 ] - [ DEBUG ] Adding type registration float -> org.hibernate.type.FloatType@762eefed
  2016-07-22 15:34:06 [ main:1971 ] - [ DEBUG ] Adding type registration float -> org.hibernate.type.FloatType@762eefed
  2016-07-22 15:34:06 [ main:1971 ] - [ DEBUG ] Adding type registration java.lang.Float -> org.hibernate.type.FloatType@762eefed
  2016-07-22 15:34:06 [ main:1975 ] - [ DEBUG ] Adding type registration double -> org.hibernate.type.DoubleType@625eaad8
  2016-07-22 15:34:06 [ main:1976 ] - [ DEBUG ] Adding type registration double -> org.hibernate.type.DoubleType@625eaad8
  2016-07-22 15:34:06 [ main:1977 ] - [ DEBUG ] Adding type registration java.lang.Double -> org.hibernate.type.DoubleType@625eaad8
  2016-07-22 15:34:06 [ main:1980 ] - [ DEBUG ] Adding type registration big_decimal -> org.hibernate.type.BigDecimalType@3bbf7d30
  2016-07-22 15:34:06 [ main:1981 ] - [ DEBUG ] Adding type registration java.math.BigDecimal -> org.hibernate.type.BigDecimalType@3bbf7d30
  2016-07-22 15:34:06 [ main:1984 ] - [ DEBUG ] Adding type registration big_integer -> org.hibernate.type.BigIntegerType@52363f8d
  2016-07-22 15:34:06 [ main:1984 ] - [ DEBUG ] Adding type registration java.math.BigInteger -> org.hibernate.type.BigIntegerType@52363f8d
  2016-07-22 15:34:06 [ main:1986 ] - [ DEBUG ] Adding type registration string -> org.hibernate.type.StringType@4fb8896f
  2016-07-22 15:34:06 [ main:1986 ] - [ DEBUG ] Adding type registration java.lang.String -> org.hibernate.type.StringType@4fb8896f
  2016-07-22 15:34:06 [ main:1989 ] - [ DEBUG ] Adding type registration url -> org.hibernate.type.UrlType@70076b33
  2016-07-22 15:34:06 [ main:1989 ] - [ DEBUG ] Adding type registration java.net.URL -> org.hibernate.type.UrlType@70076b33
  2016-07-22 15:34:06 [ main:1994 ] - [ DEBUG ] Adding type registration date -> org.hibernate.type.DateType@718b9a3f
  2016-07-22 15:34:06 [ main:1995 ] - [ DEBUG ] Adding type registration java.sql.Date -> org.hibernate.type.DateType@718b9a3f
  2016-07-22 15:34:06 [ main:1998 ] - [ DEBUG ] Adding type registration time -> org.hibernate.type.TimeType@1f53853b
  2016-07-22 15:34:06 [ main:1998 ] - [ DEBUG ] Adding type registration java.sql.Time -> org.hibernate.type.TimeType@1f53853b
  2016-07-22 15:34:06 [ main:2002 ] - [ DEBUG ] Adding type registration timestamp -> org.hibernate.type.TimestampType@71a8da44
  2016-07-22 15:34:06 [ main:2003 ] - [ DEBUG ] Adding type registration java.sql.Timestamp -> org.hibernate.type.TimestampType@71a8da44
  2016-07-22 15:34:06 [ main:2004 ] - [ DEBUG ] Adding type registration java.util.Date -> org.hibernate.type.TimestampType@71a8da44
  2016-07-22 15:34:06 [ main:2006 ] - [ DEBUG ] Adding type registration dbtimestamp -> org.hibernate.type.DbTimestampType@62e598f7
  2016-07-22 15:34:06 [ main:2008 ] - [ DEBUG ] Adding type registration calendar -> org.hibernate.type.CalendarType@1cb6847f
  2016-07-22 15:34:06 [ main:2009 ] - [ DEBUG ] Adding type registration java.util.Calendar -> org.hibernate.type.CalendarType@1cb6847f
  2016-07-22 15:34:06 [ main:2010 ] - [ DEBUG ] Adding type registration java.util.GregorianCalendar -> org.hibernate.type.CalendarType@1cb6847f
  2016-07-22 15:34:06 [ main:2011 ] - [ DEBUG ] Adding type registration calendar_date -> org.hibernate.type.CalendarDateType@451e01b1
  2016-07-22 15:34:06 [ main:2013 ] - [ DEBUG ] Adding type registration locale -> org.hibernate.type.LocaleType@141b1d64
  2016-07-22 15:34:06 [ main:2014 ] - [ DEBUG ] Adding type registration java.util.Locale -> org.hibernate.type.LocaleType@141b1d64
  2016-07-22 15:34:06 [ main:2016 ] - [ DEBUG ] Adding type registration currency -> org.hibernate.type.CurrencyType@3c19639d
  2016-07-22 15:34:06 [ main:2016 ] - [ DEBUG ] Adding type registration java.util.Currency -> org.hibernate.type.CurrencyType@3c19639d
  2016-07-22 15:34:06 [ main:2019 ] - [ DEBUG ] Adding type registration timezone -> org.hibernate.type.TimeZoneType@4756aef8
  2016-07-22 15:34:06 [ main:2019 ] - [ DEBUG ] Adding type registration java.util.TimeZone -> org.hibernate.type.TimeZoneType@4756aef8
  2016-07-22 15:34:06 [ main:2021 ] - [ DEBUG ] Adding type registration class -> org.hibernate.type.ClassType@13038e01
  2016-07-22 15:34:06 [ main:2022 ] - [ DEBUG ] Adding type registration java.lang.Class -> org.hibernate.type.ClassType@13038e01
  2016-07-22 15:34:06 [ main:2024 ] - [ DEBUG ] Adding type registration uuid-binary -> org.hibernate.type.UUIDBinaryType@15837335
  2016-07-22 15:34:06 [ main:2025 ] - [ DEBUG ] Adding type registration java.util.UUID -> org.hibernate.type.UUIDBinaryType@15837335
  2016-07-22 15:34:06 [ main:2026 ] - [ DEBUG ] Adding type registration uuid-char -> org.hibernate.type.UUIDCharType@fdcb343
  2016-07-22 15:34:06 [ main:2028 ] - [ DEBUG ] Adding type registration pg-uuid -> org.hibernate.type.PostgresUUIDType@1bd20bbe
  2016-07-22 15:34:06 [ main:2030 ] - [ DEBUG ] Adding type registration binary -> org.hibernate.type.BinaryType@75ab95cc
  2016-07-22 15:34:06 [ main:2031 ] - [ DEBUG ] Adding type registration byte[] -> org.hibernate.type.BinaryType@75ab95cc
  2016-07-22 15:34:06 [ main:2031 ] - [ DEBUG ] Adding type registration [B -> org.hibernate.type.BinaryType@75ab95cc
  2016-07-22 15:34:06 [ main:2033 ] - [ DEBUG ] Adding type registration wrapper-binary -> org.hibernate.type.WrapperBinaryType@3020f366
  2016-07-22 15:34:06 [ main:2034 ] - [ DEBUG ] Adding type registration Byte[] -> org.hibernate.type.WrapperBinaryType@3020f366
  2016-07-22 15:34:06 [ main:2034 ] - [ DEBUG ] Adding type registration [Ljava.lang.Byte; -> org.hibernate.type.WrapperBinaryType@3020f366
  2016-07-22 15:34:06 [ main:2036 ] - [ DEBUG ] Adding type registration image -> org.hibernate.type.ImageType@274e30c7
  2016-07-22 15:34:06 [ main:2037 ] - [ DEBUG ] Adding type registration characters -> org.hibernate.type.CharArrayType@529bec85
  2016-07-22 15:34:06 [ main:2038 ] - [ DEBUG ] Adding type registration char[] -> org.hibernate.type.CharArrayType@529bec85
  2016-07-22 15:34:06 [ main:2038 ] - [ DEBUG ] Adding type registration [C -> org.hibernate.type.CharArrayType@529bec85
  2016-07-22 15:34:06 [ main:2040 ] - [ DEBUG ] Adding type registration wrapper-characters -> org.hibernate.type.CharacterArrayType@38bcf402
  2016-07-22 15:34:06 [ main:2041 ] - [ DEBUG ] Adding type registration [Ljava.lang.Character; -> org.hibernate.type.CharacterArrayType@38bcf402
  2016-07-22 15:34:06 [ main:2041 ] - [ DEBUG ] Adding type registration Character[] -> org.hibernate.type.CharacterArrayType@38bcf402
  2016-07-22 15:34:06 [ main:2043 ] - [ DEBUG ] Adding type registration text -> org.hibernate.type.TextType@78f5cb74
  2016-07-22 15:34:06 [ main:2046 ] - [ DEBUG ] Adding type registration blob -> org.hibernate.type.BlobType@54711d75
  2016-07-22 15:34:06 [ main:2046 ] - [ DEBUG ] Adding type registration java.sql.Blob -> org.hibernate.type.BlobType@54711d75
  2016-07-22 15:34:06 [ main:2047 ] - [ DEBUG ] Adding type registration materialized_blob -> org.hibernate.type.MaterializedBlobType@21e17c6d
  2016-07-22 15:34:06 [ main:2050 ] - [ DEBUG ] Adding type registration clob -> org.hibernate.type.ClobType@67f7bbdf
  2016-07-22 15:34:06 [ main:2051 ] - [ DEBUG ] Adding type registration java.sql.Clob -> org.hibernate.type.ClobType@67f7bbdf
  2016-07-22 15:34:06 [ main:2052 ] - [ DEBUG ] Adding type registration materialized_clob -> org.hibernate.type.MaterializedClobType@4c2ccdf0
  2016-07-22 15:34:06 [ main:2054 ] - [ DEBUG ] Adding type registration serializable -> org.hibernate.type.SerializableType@2579ac74
  2016-07-22 15:34:06 [ main:2057 ] - [ DEBUG ] Adding type registration object -> org.hibernate.type.ObjectType@16fc0300
  2016-07-22 15:34:06 [ main:2058 ] - [ DEBUG ] Adding type registration java.lang.Object -> org.hibernate.type.ObjectType@16fc0300
  2016-07-22 15:34:06 [ main:2059 ] - [ DEBUG ] Adding type registration imm_date -> org.hibernate.type.AdaptedImmutableType@5b54a573
  2016-07-22 15:34:06 [ main:2060 ] - [ DEBUG ] Adding type registration imm_time -> org.hibernate.type.AdaptedImmutableType@123a4fdd
  2016-07-22 15:34:06 [ main:2060 ] - [ DEBUG ] Adding type registration imm_timestamp -> org.hibernate.type.AdaptedImmutableType@32513f84
  2016-07-22 15:34:06 [ main:2061 ] - [ DEBUG ] Adding type registration imm_dbtimestamp -> org.hibernate.type.AdaptedImmutableType@74210cea
  2016-07-22 15:34:06 [ main:2061 ] - [ DEBUG ] Adding type registration imm_calendar -> org.hibernate.type.AdaptedImmutableType@25d71236
  2016-07-22 15:34:06 [ main:2062 ] - [ DEBUG ] Adding type registration imm_calendar_date -> org.hibernate.type.AdaptedImmutableType@4aecaaa2
  2016-07-22 15:34:06 [ main:2062 ] - [ DEBUG ] Adding type registration imm_binary -> org.hibernate.type.AdaptedImmutableType@77b6981b
  2016-07-22 15:34:06 [ main:2063 ] - [ DEBUG ] Adding type registration imm_serializable -> org.hibernate.type.AdaptedImmutableType@74bc5203
  2016-07-22 15:34:06 [ main:2089 ] - [ INFO ] Hibernate Commons Annotations 3.2.0.Final
  2016-07-22 15:34:06 [ main:2095 ] - [ INFO ] Hibernate 3.6.0.Final
  2016-07-22 15:34:06 [ main:2097 ] - [ INFO ] hibernate.properties not found
  2016-07-22 15:34:06 [ main:2100 ] - [ INFO ] Bytecode provider name : javassist
  2016-07-22 15:34:06 [ main:2105 ] - [ INFO ] using JDK 1.4 java.sql.Timestamp handling
  2016-07-22 15:34:06 [ main:2166 ] - [ DEBUG ] Registering IdentifierGenerator strategy [uuid2] -> [class org.hibernate.id.UUIDGenerator]
  2016-07-22 15:34:06 [ main:2167 ] - [ DEBUG ] Registering IdentifierGenerator strategy [guid] -> [class org.hibernate.id.GUIDGenerator]
  2016-07-22 15:34:06 [ main:2168 ] - [ DEBUG ] Registering IdentifierGenerator strategy [uuid] -> [class org.hibernate.id.UUIDHexGenerator]
  2016-07-22 15:34:06 [ main:2169 ] - [ DEBUG ] Registering IdentifierGenerator strategy [uuid.hex] -> [class org.hibernate.id.UUIDHexGenerator]
  2016-07-22 15:34:06 [ main:2171 ] - [ DEBUG ] Registering IdentifierGenerator strategy [hilo] -> [class org.hibernate.id.TableHiLoGenerator]
  2016-07-22 15:34:06 [ main:2171 ] - [ DEBUG ] Registering IdentifierGenerator strategy [assigned] -> [class org.hibernate.id.Assigned]
  2016-07-22 15:34:06 [ main:2173 ] - [ DEBUG ] Registering IdentifierGenerator strategy [identity] -> [class org.hibernate.id.IdentityGenerator]
  2016-07-22 15:34:06 [ main:2174 ] - [ DEBUG ] Registering IdentifierGenerator strategy [select] -> [class org.hibernate.id.SelectGenerator]
  2016-07-22 15:34:06 [ main:2175 ] - [ DEBUG ] Registering IdentifierGenerator strategy [sequence] -> [class org.hibernate.id.SequenceGenerator]
  2016-07-22 15:34:06 [ main:2176 ] - [ DEBUG ] Registering IdentifierGenerator strategy [seqhilo] -> [class org.hibernate.id.SequenceHiLoGenerator]
  2016-07-22 15:34:06 [ main:2177 ] - [ DEBUG ] Registering IdentifierGenerator strategy [increment] -> [class org.hibernate.id.IncrementGenerator]
  2016-07-22 15:34:06 [ main:2178 ] - [ DEBUG ] Registering IdentifierGenerator strategy [foreign] -> [class org.hibernate.id.ForeignGenerator]
  2016-07-22 15:34:06 [ main:2179 ] - [ DEBUG ] Registering IdentifierGenerator strategy [sequence-identity] -> [class org.hibernate.id.SequenceIdentityGenerator]
  2016-07-22 15:34:06 [ main:2180 ] - [ DEBUG ] Registering IdentifierGenerator strategy [enhanced-sequence] -> [class org.hibernate.id.enhanced.SequenceStyleGenerator]
  2016-07-22 15:34:06 [ main:2181 ] - [ DEBUG ] Registering IdentifierGenerator strategy [enhanced-table] -> [class org.hibernate.id.enhanced.TableGenerator]
  2016-07-22 15:34:06 [ main:2220 ] - [ DEBUG ] Processing hbm.xml files
  2016-07-22 15:34:06 [ main:2221 ] - [ DEBUG ] Process annotated classes
  2016-07-22 15:34:06 [ main:2223 ] - [ DEBUG ] processing fk mappings (*ToOne and JoinedSubclass)
  2016-07-22 15:34:06 [ main:2224 ] - [ DEBUG ] processing extends queue
  2016-07-22 15:34:06 [ main:2224 ] - [ DEBUG ] processing extends queue
  2016-07-22 15:34:06 [ main:2225 ] - [ DEBUG ] processing collection mappings
  2016-07-22 15:34:06 [ main:2225 ] - [ DEBUG ] processing native query and ResultSetMapping mappings
  2016-07-22 15:34:06 [ main:2225 ] - [ DEBUG ] processing association property references
  2016-07-22 15:34:06 [ main:2226 ] - [ DEBUG ] processing foreign key constraints
  2016-07-22 15:34:06 [ main:2231 ] - [ INFO ] Hibernate Validator not found: ignoring
  2016-07-22 15:34:06 [ main:2233 ] - [ INFO ] Building new Hibernate SessionFactory
  2016-07-22 15:34:06 [ main:2234 ] - [ DEBUG ] Preparing to build session factory with filters : {}
  2016-07-22 15:34:06 [ main:2234 ] - [ DEBUG ] Processing hbm.xml files
  2016-07-22 15:34:06 [ main:2234 ] - [ DEBUG ] Process annotated classes
  2016-07-22 15:34:06 [ main:2235 ] - [ DEBUG ] processing fk mappings (*ToOne and JoinedSubclass)
  2016-07-22 15:34:06 [ main:2235 ] - [ DEBUG ] processing extends queue
  2016-07-22 15:34:06 [ main:2235 ] - [ DEBUG ] processing extends queue
  2016-07-22 15:34:06 [ main:2235 ] - [ DEBUG ] processing collection mappings
  2016-07-22 15:34:06 [ main:2236 ] - [ DEBUG ] processing native query and ResultSetMapping mappings
  2016-07-22 15:34:06 [ main:2236 ] - [ DEBUG ] processing association property references
  2016-07-22 15:34:06 [ main:2236 ] - [ DEBUG ] processing foreign key constraints
  2016-07-22 15:34:06 [ main:2238 ] - [ DEBUG ] Legacy Validator not present in classpath, ignoring event listener registration
  2016-07-22 15:34:06 [ main:2240 ] - [ DEBUG ] Search not present in classpath, ignoring event listener registration.
  2016-07-22 15:34:06 [ main:2241 ] - [ INFO ] Unable to find org.hibernate.search.event.FullTextIndexEventListener on the classpath. Hibernate Search is not enabled.
  2016-07-22 15:34:06 [ main:2244 ] - [ INFO ] Initializing connection provider: org.springframework.orm.hibernate3.LocalDataSourceConnectionProvider
  2016-07-22 15:34:06 [ main:2303 ] - [ DEBUG ] incremented pending_acquires: 1
  2016-07-22 15:34:06 [ main:2304 ] - [ DEBUG ] incremented pending_acquires: 2
  2016-07-22 15:34:06 [ main:2304 ] - [ DEBUG ] incremented pending_acquires: 3
  2016-07-22 15:34:06 [ main:2305 ] - [ DEBUG ] incremented pending_acquires: 4
  2016-07-22 15:34:06 [ main:2305 ] - [ DEBUG ] incremented pending_acquires: 5
  2016-07-22 15:34:06 [ main:2305 ] - [ DEBUG ] incremented pending_acquires: 6
  2016-07-22 15:34:06 [ main:2305 ] - [ DEBUG ] incremented pending_acquires: 7
  2016-07-22 15:34:06 [ main:2306 ] - [ DEBUG ] incremented pending_acquires: 8
  2016-07-22 15:34:06 [ main:2306 ] - [ DEBUG ] incremented pending_acquires: 9
  2016-07-22 15:34:06 [ main:2307 ] - [ DEBUG ] incremented pending_acquires: 10
  2016-07-22 15:34:06 [ main:2307 ] - [ DEBUG ] com.mchange.v2.resourcepool.BasicResourcePool@73400f7b config: [start -> 5; min -> 10; max -> 20; inc -> 5; num_acq_attempts -> 30; acq_attempt_delay -> 1000; check_idle_resources_delay -> 0; mox_resource_age -> 0; max_idle_time -> 3600000; excess_max_idle_time -> 0; destroy_unreturned_resc_time -> 0; expiration_enforcement_delay -> 900000; break_on_acquisition_failure -> false; debug_store_checkout_exceptions -> false]
  2016-07-22 15:34:06 [ main:2308 ] - [ INFO ] Initializing c3p0 pool... com.mchange.v2.c3p0.ComboPooledDataSource [ acquireIncrement -> 5, acquireRetryAttempts -> 30, acquireRetryDelay -> 1000, autoCommitOnClose -> false, automaticTestTable -> null, breakAfterAcquireFailure -> false, checkoutTimeout -> 0, connectionCustomizerClassName -> null, connectionTesterClassName -> com.mchange.v2.c3p0.impl.DefaultConnectionTester, dataSourceName -> 1hgery99i4v23bmrsbzkl|1afb3ad9, debugUnreturnedConnectionStackTraces -> false, description -> null, driverClass -> com.mysql.jdbc.Driver, factoryClassLocation -> null, forceIgnoreUnresolvedTransactions -> false, identityToken -> 1hgery99i4v23bmrsbzkl|1afb3ad9, idleConnectionTestPeriod -> 0, initialPoolSize -> 5, jdbcUrl -> jdbc:mysql://localhost:3306/shop?useUnicode=true&characterEncoding=utf8, maxAdministrativeTaskTime -> 0, maxConnectionAge -> 0, maxIdleTime -> 3600, maxIdleTimeExcessConnections -> 0, maxPoolSize -> 20, maxStatements -> 100, maxStatementsPerConnection -> 0, minPoolSize -> 10, numHelperThreads -> 3, numThreadsAwaitingCheckoutDefaultUser -> 0, preferredTestQuery -> null, properties -> {user=******, password=******}, propertyCycle -> 0, testConnectionOnCheckin -> false, testConnectionOnCheckout -> false, unreturnedConnectionTimeout -> 0, usesTraditionalReflectiveProxies -> false ]
  2016-07-22 15:34:06 [ main:2310 ] - [ DEBUG ] acquire test -- pool size: 0; target_pool_size: 10; desired target? 1
  2016-07-22 15:34:06 [ main:2310 ] - [ DEBUG ] awaitAvailable(): [unknown]
  2016-07-22 15:34:06 [ main:2311 ] - [ DEBUG ] trace com.mchange.v2.resourcepool.BasicResourcePool@73400f7b [managed: 0, unused: 0, excluded: 0]
  2016-07-22 15:34:07 [ com.mchange.v2.async.ThreadPoolAsynchronousRunner$PoolThread-#1:2623 ] - [ DEBUG ] checkinAll(): com.mchange.v2.c3p0.stmt.GlobalMaxOnlyStatementCache stats -- total size: 0; checked out: 0; num connections: 0; num keys: 0
  2016-07-22 15:34:07 [ com.mchange.v2.async.ThreadPoolAsynchronousRunner$PoolThread-#0:2624 ] - [ DEBUG ] checkinAll(): com.mchange.v2.c3p0.stmt.GlobalMaxOnlyStatementCache stats -- total size: 0; checked out: 0; num connections: 0; num keys: 0
  2016-07-22 15:34:07 [ com.mchange.v2.async.ThreadPoolAsynchronousRunner$PoolThread-#2:2624 ] - [ DEBUG ] checkinAll(): com.mchange.v2.c3p0.stmt.GlobalMaxOnlyStatementCache stats -- total size: 0; checked out: 0; num connections: 0; num keys: 0
  2016-07-22 15:34:07 [ com.mchange.v2.async.ThreadPoolAsynchronousRunner$PoolThread-#0:2624 ] - [ DEBUG ] com.mchange.v2.c3p0.impl.C3P0PooledConnectionPool$1PooledConnectionResourcePoolManager@263d48b0.acquireResource() returning. 
  2016-07-22 15:34:07 [ com.mchange.v2.async.ThreadPoolAsynchronousRunner$PoolThread-#2:2624 ] - [ DEBUG ] com.mchange.v2.c3p0.impl.C3P0PooledConnectionPool$1PooledConnectionResourcePoolManager@263d48b0.acquireResource() returning. 
  2016-07-22 15:34:07 [ com.mchange.v2.async.ThreadPoolAsynchronousRunner$PoolThread-#1:2624 ] - [ DEBUG ] com.mchange.v2.c3p0.impl.C3P0PooledConnectionPool$1PooledConnectionResourcePoolManager@263d48b0.acquireResource() returning. 
  2016-07-22 15:34:07 [ com.mchange.v2.async.ThreadPoolAsynchronousRunner$PoolThread-#0:2625 ] - [ DEBUG ] trace com.mchange.v2.resourcepool.BasicResourcePool@73400f7b [managed: 1, unused: 1, excluded: 0]
  2016-07-22 15:34:07 [ com.mchange.v2.async.ThreadPoolAsynchronousRunner$PoolThread-#1:2625 ] - [ DEBUG ] trace com.mchange.v2.resourcepool.BasicResourcePool@73400f7b [managed: 2, unused: 1, excluded: 0] (e.g. com.mchange.v2.c3p0.impl.NewPooledConnection@297db2f5)
  2016-07-22 15:34:07 [ com.mchange.v2.async.ThreadPoolAsynchronousRunner$PoolThread-#2:2626 ] - [ DEBUG ] trace com.mchange.v2.resourcepool.BasicResourcePool@73400f7b [managed: 3, unused: 2, excluded: 0] (e.g. com.mchange.v2.c3p0.impl.NewPooledConnection@297db2f5)
  2016-07-22 15:34:07 [ com.mchange.v2.async.ThreadPoolAsynchronousRunner$PoolThread-#2:2626 ] - [ DEBUG ] decremented pending_acquires: 9
  2016-07-22 15:34:07 [ com.mchange.v2.async.ThreadPoolAsynchronousRunner$PoolThread-#1:2626 ] - [ DEBUG ] decremented pending_acquires: 8
  2016-07-22 15:34:07 [ main:2627 ] - [ DEBUG ] trace com.mchange.v2.resourcepool.BasicResourcePool@73400f7b [managed: 3, unused: 2, excluded: 0] (e.g. com.mchange.v2.c3p0.impl.NewPooledConnection@297db2f5)
  2016-07-22 15:34:07 [ com.mchange.v2.async.ThreadPoolAsynchronousRunner$PoolThread-#0:2630 ] - [ DEBUG ] decremented pending_acquires: 7
  2016-07-22 15:34:07 [ main:2637 ] - [ INFO ] Database ->
       name : MySQL
    version : 5.6.26-log
      major : 5
      minor : 6
  2016-07-22 15:34:07 [ main:2638 ] - [ INFO ] Driver ->
       name : MySQL Connector Java
    version : mysql-connector-java-5.1.34 ( Revision: jess.balint@oracle.com-20141014163213-wqbwpf1ok2kvo1om )
      major : 5
      minor : 1
  2016-07-22 15:34:07 [ com.mchange.v2.async.ThreadPoolAsynchronousRunner$PoolThread-#2:2647 ] - [ DEBUG ] checkinAll(): com.mchange.v2.c3p0.stmt.GlobalMaxOnlyStatementCache stats -- total size: 0; checked out: 0; num connections: 0; num keys: 0
  2016-07-22 15:34:07 [ com.mchange.v2.async.ThreadPoolAsynchronousRunner$PoolThread-#2:2647 ] - [ DEBUG ] com.mchange.v2.c3p0.impl.C3P0PooledConnectionPool$1PooledConnectionResourcePoolManager@263d48b0.acquireResource() returning. 
  2016-07-22 15:34:07 [ com.mchange.v2.async.ThreadPoolAsynchronousRunner$PoolThread-#2:2647 ] - [ DEBUG ] trace com.mchange.v2.resourcepool.BasicResourcePool@73400f7b [managed: 4, unused: 3, excluded: 0] (e.g. com.mchange.v2.c3p0.impl.NewPooledConnection@297db2f5)
  2016-07-22 15:34:07 [ com.mchange.v2.async.ThreadPoolAsynchronousRunner$PoolThread-#2:2648 ] - [ DEBUG ] decremented pending_acquires: 6
  2016-07-22 15:34:07 [ com.mchange.v2.async.ThreadPoolAsynchronousRunner$PoolThread-#1:2653 ] - [ DEBUG ] checkinAll(): com.mchange.v2.c3p0.stmt.GlobalMaxOnlyStatementCache stats -- total size: 0; checked out: 0; num connections: 0; num keys: 0
  2016-07-22 15:34:07 [ com.mchange.v2.async.ThreadPoolAsynchronousRunner$PoolThread-#1:2653 ] - [ DEBUG ] com.mchange.v2.c3p0.impl.C3P0PooledConnectionPool$1PooledConnectionResourcePoolManager@263d48b0.acquireResource() returning. 
  2016-07-22 15:34:07 [ com.mchange.v2.async.ThreadPoolAsynchronousRunner$PoolThread-#1:2653 ] - [ DEBUG ] trace com.mchange.v2.resourcepool.BasicResourcePool@73400f7b [managed: 5, unused: 4, excluded: 0] (e.g. com.mchange.v2.c3p0.impl.NewPooledConnection@297db2f5)
  2016-07-22 15:34:07 [ com.mchange.v2.async.ThreadPoolAsynchronousRunner$PoolThread-#1:2654 ] - [ DEBUG ] decremented pending_acquires: 5
  2016-07-22 15:34:07 [ com.mchange.v2.async.ThreadPoolAsynchronousRunner$PoolThread-#0:2664 ] - [ DEBUG ] checkinAll(): com.mchange.v2.c3p0.stmt.GlobalMaxOnlyStatementCache stats -- total size: 0; checked out: 0; num connections: 0; num keys: 0
  2016-07-22 15:34:07 [ com.mchange.v2.async.ThreadPoolAsynchronousRunner$PoolThread-#0:2664 ] - [ DEBUG ] com.mchange.v2.c3p0.impl.C3P0PooledConnectionPool$1PooledConnectionResourcePoolManager@263d48b0.acquireResource() returning. 
  2016-07-22 15:34:07 [ com.mchange.v2.async.ThreadPoolAsynchronousRunner$PoolThread-#0:2664 ] - [ DEBUG ] trace com.mchange.v2.resourcepool.BasicResourcePool@73400f7b [managed: 6, unused: 5, excluded: 0] (e.g. com.mchange.v2.c3p0.impl.NewPooledConnection@297db2f5)
  2016-07-22 15:34:07 [ com.mchange.v2.async.ThreadPoolAsynchronousRunner$PoolThread-#0:2665 ] - [ DEBUG ] decremented pending_acquires: 4
  2016-07-22 15:34:07 [ com.mchange.v2.async.ThreadPoolAsynchronousRunner$PoolThread-#2:2670 ] - [ DEBUG ] checkinAll(): com.mchange.v2.c3p0.stmt.GlobalMaxOnlyStatementCache stats -- total size: 0; checked out: 0; num connections: 0; num keys: 0
  2016-07-22 15:34:07 [ com.mchange.v2.async.ThreadPoolAsynchronousRunner$PoolThread-#2:2670 ] - [ DEBUG ] com.mchange.v2.c3p0.impl.C3P0PooledConnectionPool$1PooledConnectionResourcePoolManager@263d48b0.acquireResource() returning. 
  2016-07-22 15:34:07 [ com.mchange.v2.async.ThreadPoolAsynchronousRunner$PoolThread-#2:2671 ] - [ DEBUG ] trace com.mchange.v2.resourcepool.BasicResourcePool@73400f7b [managed: 7, unused: 6, excluded: 0] (e.g. com.mchange.v2.c3p0.impl.NewPooledConnection@297db2f5)
  2016-07-22 15:34:07 [ com.mchange.v2.async.ThreadPoolAsynchronousRunner$PoolThread-#2:2671 ] - [ DEBUG ] decremented pending_acquires: 3
  2016-07-22 15:34:07 [ com.mchange.v2.async.ThreadPoolAsynchronousRunner$PoolThread-#1:2674 ] - [ DEBUG ] checkinAll(): com.mchange.v2.c3p0.stmt.GlobalMaxOnlyStatementCache stats -- total size: 0; checked out: 0; num connections: 0; num keys: 0
  2016-07-22 15:34:07 [ com.mchange.v2.async.ThreadPoolAsynchronousRunner$PoolThread-#1:2674 ] - [ DEBUG ] com.mchange.v2.c3p0.impl.C3P0PooledConnectionPool$1PooledConnectionResourcePoolManager@263d48b0.acquireResource() returning. 
  2016-07-22 15:34:07 [ com.mchange.v2.async.ThreadPoolAsynchronousRunner$PoolThread-#1:2675 ] - [ DEBUG ] trace com.mchange.v2.resourcepool.BasicResourcePool@73400f7b [managed: 8, unused: 7, excluded: 0] (e.g. com.mchange.v2.c3p0.impl.NewPooledConnection@297db2f5)
  2016-07-22 15:34:07 [ com.mchange.v2.async.ThreadPoolAsynchronousRunner$PoolThread-#1:2675 ] - [ DEBUG ] decremented pending_acquires: 2
  2016-07-22 15:34:07 [ com.mchange.v2.async.ThreadPoolAsynchronousRunner$PoolThread-#0:2686 ] - [ DEBUG ] checkinAll(): com.mchange.v2.c3p0.stmt.GlobalMaxOnlyStatementCache stats -- total size: 0; checked out: 0; num connections: 0; num keys: 0
  2016-07-22 15:34:07 [ com.mchange.v2.async.ThreadPoolAsynchronousRunner$PoolThread-#0:2686 ] - [ DEBUG ] com.mchange.v2.c3p0.impl.C3P0PooledConnectionPool$1PooledConnectionResourcePoolManager@263d48b0.acquireResource() returning. 
  2016-07-22 15:34:07 [ com.mchange.v2.async.ThreadPoolAsynchronousRunner$PoolThread-#2:2686 ] - [ DEBUG ] checkinAll(): com.mchange.v2.c3p0.stmt.GlobalMaxOnlyStatementCache stats -- total size: 0; checked out: 0; num connections: 0; num keys: 0
  2016-07-22 15:34:07 [ com.mchange.v2.async.ThreadPoolAsynchronousRunner$PoolThread-#2:2686 ] - [ DEBUG ] com.mchange.v2.c3p0.impl.C3P0PooledConnectionPool$1PooledConnectionResourcePoolManager@263d48b0.acquireResource() returning. 
  2016-07-22 15:34:07 [ com.mchange.v2.async.ThreadPoolAsynchronousRunner$PoolThread-#0:2686 ] - [ DEBUG ] trace com.mchange.v2.resourcepool.BasicResourcePool@73400f7b [managed: 9, unused: 8, excluded: 0] (e.g. com.mchange.v2.c3p0.impl.NewPooledConnection@297db2f5)
  2016-07-22 15:34:07 [ com.mchange.v2.async.ThreadPoolAsynchronousRunner$PoolThread-#0:2687 ] - [ DEBUG ] decremented pending_acquires: 1
  2016-07-22 15:34:07 [ com.mchange.v2.async.ThreadPoolAsynchronousRunner$PoolThread-#2:2687 ] - [ DEBUG ] trace com.mchange.v2.resourcepool.BasicResourcePool@73400f7b [managed: 10, unused: 9, excluded: 0] (e.g. com.mchange.v2.c3p0.impl.NewPooledConnection@297db2f5)
  2016-07-22 15:34:07 [ com.mchange.v2.async.ThreadPoolAsynchronousRunner$PoolThread-#2:2687 ] - [ DEBUG ] decremented pending_acquires: 0
  2016-07-22 15:34:07 [ main:2694 ] - [ INFO ] Using dialect: org.hibernate.dialect.MySQLDialect
  2016-07-22 15:34:07 [ main:2710 ] - [ INFO ] Disabling contextual LOB creation as createClob() method threw error : java.lang.reflect.InvocationTargetException
  2016-07-22 15:34:07 [ main:2715 ] - [ DEBUG ] checkinAll(): com.mchange.v2.c3p0.stmt.GlobalMaxOnlyStatementCache stats -- total size: 0; checked out: 0; num connections: 0; num keys: 0
  2016-07-22 15:34:07 [ com.mchange.v2.async.ThreadPoolAsynchronousRunner$PoolThread-#2:2717 ] - [ DEBUG ] checkinAll(): com.mchange.v2.c3p0.stmt.GlobalMaxOnlyStatementCache stats -- total size: 0; checked out: 0; num connections: 0; num keys: 0
  2016-07-22 15:34:07 [ main:2718 ] - [ DEBUG ] trace com.mchange.v2.resourcepool.BasicResourcePool@73400f7b [managed: 10, unused: 9, excluded: 0] (e.g. com.mchange.v2.c3p0.impl.NewPooledConnection@297db2f5)
  2016-07-22 15:34:07 [ main:2719 ] - [ INFO ] Transaction strategy: org.springframework.orm.hibernate3.SpringTransactionFactory
  2016-07-22 15:34:07 [ main:2721 ] - [ INFO ] No TransactionManagerLookup configured (in JTA environment, use of read-write or transactional second-level cache is not recommended)
  2016-07-22 15:34:07 [ main:2721 ] - [ INFO ] Automatic flush during beforeCompletion(): disabled
  2016-07-22 15:34:07 [ main:2722 ] - [ INFO ] Automatic session close at end of transaction: disabled
  2016-07-22 15:34:07 [ main:2722 ] - [ INFO ] JDBC batch size: 15
  2016-07-22 15:34:07 [ main:2723 ] - [ INFO ] JDBC batch updates for versioned data: disabled
  2016-07-22 15:34:07 [ main:2724 ] - [ INFO ] Scrollable result sets: enabled
  2016-07-22 15:34:07 [ main:2725 ] - [ DEBUG ] Wrap result sets: disabled
  2016-07-22 15:34:07 [ main:2726 ] - [ INFO ] JDBC3 getGeneratedKeys(): enabled
  2016-07-22 15:34:07 [ main:2727 ] - [ INFO ] Connection release mode: auto
  2016-07-22 15:34:07 [ main:2729 ] - [ INFO ] Maximum outer join fetch depth: 2
  2016-07-22 15:34:07 [ main:2729 ] - [ INFO ] Default batch fetch size: 1
  2016-07-22 15:34:07 [ main:2730 ] - [ INFO ] Generate SQL with comments: disabled
  2016-07-22 15:34:07 [ main:2730 ] - [ INFO ] Order SQL updates by primary key: disabled
  2016-07-22 15:34:07 [ main:2731 ] - [ INFO ] Order SQL inserts for batching: disabled
  2016-07-22 15:34:07 [ main:2731 ] - [ INFO ] Query translator: org.hibernate.hql.ast.ASTQueryTranslatorFactory
  2016-07-22 15:34:07 [ main:2734 ] - [ INFO ] Using ASTQueryTranslatorFactory
  2016-07-22 15:34:07 [ main:2735 ] - [ INFO ] Query language substitutions: {}
  2016-07-22 15:34:07 [ main:2736 ] - [ INFO ] JPA-QL strict compliance: disabled
  2016-07-22 15:34:07 [ main:2737 ] - [ INFO ] Second-level cache: enabled
  2016-07-22 15:34:07 [ main:2737 ] - [ INFO ] Query cache: disabled
  2016-07-22 15:34:07 [ main:2738 ] - [ INFO ] Cache region factory : org.hibernate.cache.impl.NoCachingRegionFactory
  2016-07-22 15:34:07 [ main:2739 ] - [ INFO ] Optimize cache for minimal puts: disabled
  2016-07-22 15:34:07 [ main:2740 ] - [ INFO ] Structured second-level cache entries: disabled
  2016-07-22 15:34:07 [ main:2746 ] - [ INFO ] Echoing all SQL to stdout
  2016-07-22 15:34:07 [ main:2747 ] - [ INFO ] Statistics: disabled
  2016-07-22 15:34:07 [ main:2748 ] - [ INFO ] Deleted entity synthetic identifier rollback: disabled
  2016-07-22 15:34:07 [ main:2748 ] - [ INFO ] Default entity-mode: pojo
  2016-07-22 15:34:07 [ main:2749 ] - [ INFO ] Named query checking : enabled
  2016-07-22 15:34:07 [ main:2749 ] - [ INFO ] Check Nullability in Core (should be disabled when Bean Validation is on): enabled
  2016-07-22 15:34:07 [ main:2772 ] - [ INFO ] building session factory
  2016-07-22 15:34:07 [ main:2776 ] - [ DEBUG ] Statistics initialized [enabled=false]}
  2016-07-22 15:34:07 [ main:2779 ] - [ DEBUG ] Session factory constructed with filter configurations : {}
  2016-07-22 15:34:07 [ main:2779 ] - [ DEBUG ] instantiating session factory with properties: {java.runtime.name=Java(TM) SE Runtime Environment, sun.boot.library.path=C:\Program Files\Java\jdk1.7.0_67\jre\bin, java.vm.version=24.65-b04, java.vm.vendor=Oracle Corporation, java.vendor.url=http://java.oracle.com/, path.separator=;, java.vm.name=Java HotSpot(TM) 64-Bit Server VM, file.encoding.pkg=sun.io, user.script=, user.country=CN, sun.java.launcher=SUN_STANDARD, sun.os.patch.level=, java.vm.specification.name=Java Virtual Machine Specification, user.dir=G:\Java\worspace\shop, java.runtime.version=1.7.0_67-b01, java.awt.graphicsenv=sun.awt.Win32GraphicsEnvironment, basedir=G:\Java\worspace\shop, hibernate.current_session_context_class=org.springframework.orm.hibernate3.SpringSessionContext, java.endorsed.dirs=C:\Program Files\Java\jdk1.7.0_67\jre\lib\endorsed, os.arch=amd64, surefire.real.class.path=G:\Java\worspace\shop\target\surefire\surefirebooter3485273114146788216.jar, java.io.tmpdir=C:\Users\pengjin\AppData\Local\Temp\, line.separator=
, java.vm.specification.vendor=Oracle Corporation, user.variant=, os.name=Windows 8.1, sun.jnu.encoding=GBK, java.library.path=C:\Program Files\Java\jdk1.7.0_67\jre\bin;C:\WINDOWS\Sun\Java\bin;C:\WINDOWS\system32;C:\WINDOWS;C:\Program Files (x86)\Intel\iCLS Client\;C:\Program Files\Intel\iCLS Client\;C:\WINDOWS\system32;C:\WINDOWS;C:\WINDOWS\System32\Wbem;C:\WINDOWS\System32\WindowsPowerShell\v1.0\;C:\Program Files\Intel\Intel(R) Management Engine Components\DAL;C:\Program Files\Intel\Intel(R) Management Engine Components\IPT;C:\Program Files (x86)\Intel\Intel(R) Management Engine Components\DAL;C:\Program Files (x86)\Intel\Intel(R) Management Engine Components\IPT;C:\Program Files (x86)\ATI Technologies\ATI.ACE\Core-Static;C:\Program Files\Java\jdk1.7.0_67\bin;C:\Program Files\Java\jdk1.7.0_67\jre\bin;E:\MongoDB\bin;E:\Tools\apache-tomcat-8.0.24\lib;E:\Tools\apache-tomcat-8.0.24\bin;E:\Tools\mingw\bin;E:\Tools\svn\bin;E:\Tools\apache-maven-3.3.3\bin;E:\Tools\Microsoft SQL Server\x86share\130\Tools\Binn\;E:\Tools\Microsoft SQL Server\share\130\Tools\Binn\;E:\Tools\Microsoft SQL Server\x86share\130\DTS\Binn\;E:\Tools\Microsoft SQL Server\share\130\DTS\Binn\;E:\Tools\Microsoft SQL Server\share\Client SDK\ODBC\110\Tools\Binn\;E:\Tools\Microsoft SQL Server\x86share\130\Tools\Binn\ManagementStudio\;E:\Tools\Calibre2\;E:\Tools\svnserver\bin;E:\Tools\jboss-as-7.1.1.Final\bin;D:\xampp\\php;E:\Tools\mysql5.6\bin;E:\Tools\ssh;C:\Users\pengjin\AppData\Local\Microsoft\WindowsApps;;., surefire.test.class.path=G:\Java\worspace\shop\target\test-classes;G:\Java\worspace\shop\target\classes;D:\Developer\maven-repository\junit\junit\4.11\junit-4.11.jar;D:\Developer\maven-repository\org\hamcrest\hamcrest-core\1.3\hamcrest-core-1.3.jar;D:\Developer\maven-repository\javax\servlet\javax.servlet-api\3.1.0\javax.servlet-api-3.1.0.jar;D:\Developer\maven-repository\jstl\jstl\1.2\jstl-1.2.jar;D:\Developer\maven-repository\org\hibernate\hibernate-core\3.6.0.Final\hibernate-core-3.6.0.Final.jar;D:\Developer\maven-repository\antlr\antlr\2.7.6\antlr-2.7.6.jar;D:\Developer\maven-repository\commons-collections\commons-collections\3.1\commons-collections-3.1.jar;D:\Developer\maven-repository\dom4j\dom4j\1.6.1\dom4j-1.6.1.jar;D:\Developer\maven-repository\org\hibernate\hibernate-commons-annotations\3.2.0.Final\hibernate-commons-annotations-3.2.0.Final.jar;D:\Developer\maven-repository\org\hibernate\javax\persistence\hibernate-jpa-2.0-api\1.0.0.Final\hibernate-jpa-2.0-api-1.0.0.Final.jar;D:\Developer\maven-repository\javax\transaction\jta\1.1\jta-1.1.jar;D:\Developer\maven-repository\org\slf4j\slf4j-api\1.6.1\slf4j-api-1.6.1.jar;D:\Developer\maven-repository\org\slf4j\slf4j-log4j12\1.6.2\slf4j-log4j12-1.6.2.jar;D:\Developer\maven-repository\log4j\log4j\1.2.17\log4j-1.2.17.jar;D:\Developer\maven-repository\net\sf\ehcache\ehcache-core\2.6.3\ehcache-core-2.6.3.jar;D:\Developer\maven-repository\net\sf\ehcache\ehcache-terracotta\2.6.3\ehcache-terracotta-2.6.3.jar;D:\Developer\maven-repository\org\terracotta\terracotta-toolkit-1.6-runtime\5.3.0\terracotta-toolkit-1.6-runtime-5.3.0.jar;D:\Developer\maven-repository\mysql\mysql-connector-java\5.1.34\mysql-connector-java-5.1.34.jar;D:\Developer\maven-repository\c3p0\c3p0\0.9.1.2\c3p0-0.9.1.2.jar;D:\Developer\maven-repository\org\springframework\spring-core\3.2.11.RELEASE\spring-core-3.2.11.RELEASE.jar;D:\Developer\maven-repository\commons-logging\commons-logging\1.1.3\commons-logging-1.1.3.jar;D:\Developer\maven-repository\org\springframework\spring-context\3.2.11.RELEASE\spring-context-3.2.11.RELEASE.jar;D:\Developer\maven-repository\org\springframework\spring-beans\3.2.11.RELEASE\spring-beans-3.2.11.RELEASE.jar;D:\Developer\maven-repository\org\springframework\spring-expression\3.2.11.RELEASE\spring-expression-3.2.11.RELEASE.jar;D:\Developer\maven-repository\org\springframework\spring-context-support\3.2.11.RELEASE\spring-context-support-3.2.11.RELEASE.jar;D:\Developer\maven-repository\org\springframework\spring-web\3.2.11.RELEASE\spring-web-3.2.11.RELEASE.jar;D:\Developer\maven-repository\org\springframework\spring-jdbc\3.2.11.RELEASE\spring-jdbc-3.2.11.RELEASE.jar;D:\Developer\maven-repository\org\springframework\spring-test\3.2.11.RELEASE\spring-test-3.2.11.RELEASE.jar;D:\Developer\maven-repository\org\springframework\spring-aop\3.2.8.RELEASE\spring-aop-3.2.8.RELEASE.jar;D:\Developer\maven-repository\aopalliance\aopalliance\1.0\aopalliance-1.0.jar;D:\Developer\maven-repository\org\springframework\spring-aspects\3.2.11.RELEASE\spring-aspects-3.2.11.RELEASE.jar;D:\Developer\maven-repository\org\aspectj\aspectjweaver\1.7.4\aspectjweaver-1.7.4.jar;D:\Developer\maven-repository\org\springframework\spring-tx\3.2.11.RELEASE\spring-tx-3.2.11.RELEASE.jar;D:\Developer\maven-repository\org\springframework\spring-orm\3.2.11.RELEASE\spring-orm-3.2.11.RELEASE.jar;D:\Developer\maven-repository\org\apache\struts\struts2-core\2.3.4\struts2-core-2.3.4.jar;D:\Developer\maven-repository\org\apache\struts\xwork\xwork-core\2.3.4\xwork-core-2.3.4.jar;D:\Developer\maven-repository\asm\asm\3.3\asm-3.3.jar;D:\Developer\maven-repository\asm\asm-commons\3.3\asm-commons-3.3.jar;D:\Developer\maven-repository\asm\asm-tree\3.3\asm-tree-3.3.jar;D:\Developer\maven-repository\org\freemarker\freemarker\2.3.19\freemarker-2.3.19.jar;D:\Developer\maven-repository\ognl\ognl\3.0.5\ognl-3.0.5.jar;D:\Developer\maven-repository\commons-fileupload\commons-fileupload\1.2.2\commons-fileupload-1.2.2.jar;D:\Developer\maven-repository\commons-io\commons-io\2.0.1\commons-io-2.0.1.jar;D:\Developer\maven-repository\org\apache\struts\struts2-spring-plugin\2.3.29\struts2-spring-plugin-2.3.29.jar;D:\Developer\maven-repository\org\apache\commons\commons-lang3\3.2\commons-lang3-3.2.jar;D:\Developer\maven-repository\javassist\javassist\3.11.0.GA\javassist-3.11.0.GA.jar;, java.specification.name=Java Platform API Specification, java.class.version=51.0, sun.management.compiler=HotSpot 64-Bit Tiered Compilers, hibernate.transaction.factory_class=org.springframework.orm.hibernate3.SpringTransactionFactory, os.version=6.3, user.home=C:\Users\pengjin, user.timezone=Asia/Shanghai, java.awt.printerjob=sun.awt.windows.WPrinterJob, java.specification.version=1.7, file.encoding=GBK, user.name=pengjin, java.class.path=G:\Java\worspace\shop\target\test-classes;G:\Java\worspace\shop\target\classes;D:\Developer\maven-repository\junit\junit\4.11\junit-4.11.jar;D:\Developer\maven-repository\org\hamcrest\hamcrest-core\1.3\hamcrest-core-1.3.jar;D:\Developer\maven-repository\javax\servlet\javax.servlet-api\3.1.0\javax.servlet-api-3.1.0.jar;D:\Developer\maven-repository\jstl\jstl\1.2\jstl-1.2.jar;D:\Developer\maven-repository\org\hibernate\hibernate-core\3.6.0.Final\hibernate-core-3.6.0.Final.jar;D:\Developer\maven-repository\antlr\antlr\2.7.6\antlr-2.7.6.jar;D:\Developer\maven-repository\commons-collections\commons-collections\3.1\commons-collections-3.1.jar;D:\Developer\maven-repository\dom4j\dom4j\1.6.1\dom4j-1.6.1.jar;D:\Developer\maven-repository\org\hibernate\hibernate-commons-annotations\3.2.0.Final\hibernate-commons-annotations-3.2.0.Final.jar;D:\Developer\maven-repository\org\hibernate\javax\persistence\hibernate-jpa-2.0-api\1.0.0.Final\hibernate-jpa-2.0-api-1.0.0.Final.jar;D:\Developer\maven-repository\javax\transaction\jta\1.1\jta-1.1.jar;D:\Developer\maven-repository\org\slf4j\slf4j-api\1.6.1\slf4j-api-1.6.1.jar;D:\Developer\maven-repository\org\slf4j\slf4j-log4j12\1.6.2\slf4j-log4j12-1.6.2.jar;D:\Developer\maven-repository\log4j\log4j\1.2.17\log4j-1.2.17.jar;D:\Developer\maven-repository\net\sf\ehcache\ehcache-core\2.6.3\ehcache-core-2.6.3.jar;D:\Developer\maven-repository\net\sf\ehcache\ehcache-terracotta\2.6.3\ehcache-terracotta-2.6.3.jar;D:\Developer\maven-repository\org\terracotta\terracotta-toolkit-1.6-runtime\5.3.0\terracotta-toolkit-1.6-runtime-5.3.0.jar;D:\Developer\maven-repository\mysql\mysql-connector-java\5.1.34\mysql-connector-java-5.1.34.jar;D:\Developer\maven-repository\c3p0\c3p0\0.9.1.2\c3p0-0.9.1.2.jar;D:\Developer\maven-repository\org\springframework\spring-core\3.2.11.RELEASE\spring-core-3.2.11.RELEASE.jar;D:\Developer\maven-repository\commons-logging\commons-logging\1.1.3\commons-logging-1.1.3.jar;D:\Developer\maven-repository\org\springframework\spring-context\3.2.11.RELEASE\spring-context-3.2.11.RELEASE.jar;D:\Developer\maven-repository\org\springframework\spring-beans\3.2.11.RELEASE\spring-beans-3.2.11.RELEASE.jar;D:\Developer\maven-repository\org\springframework\spring-expression\3.2.11.RELEASE\spring-expression-3.2.11.RELEASE.jar;D:\Developer\maven-repository\org\springframework\spring-context-support\3.2.11.RELEASE\spring-context-support-3.2.11.RELEASE.jar;D:\Developer\maven-repository\org\springframework\spring-web\3.2.11.RELEASE\spring-web-3.2.11.RELEASE.jar;D:\Developer\maven-repository\org\springframework\spring-jdbc\3.2.11.RELEASE\spring-jdbc-3.2.11.RELEASE.jar;D:\Developer\maven-repository\org\springframework\spring-test\3.2.11.RELEASE\spring-test-3.2.11.RELEASE.jar;D:\Developer\maven-repository\org\springframework\spring-aop\3.2.8.RELEASE\spring-aop-3.2.8.RELEASE.jar;D:\Developer\maven-repository\aopalliance\aopalliance\1.0\aopalliance-1.0.jar;D:\Developer\maven-repository\org\springframework\spring-aspects\3.2.11.RELEASE\spring-aspects-3.2.11.RELEASE.jar;D:\Developer\maven-repository\org\aspectj\aspectjweaver\1.7.4\aspectjweaver-1.7.4.jar;D:\Developer\maven-repository\org\springframework\spring-tx\3.2.11.RELEASE\spring-tx-3.2.11.RELEASE.jar;D:\Developer\maven-repository\org\springframework\spring-orm\3.2.11.RELEASE\spring-orm-3.2.11.RELEASE.jar;D:\Developer\maven-repository\org\apache\struts\struts2-core\2.3.4\struts2-core-2.3.4.jar;D:\Developer\maven-repository\org\apache\struts\xwork\xwork-core\2.3.4\xwork-core-2.3.4.jar;D:\Developer\maven-repository\asm\asm\3.3\asm-3.3.jar;D:\Developer\maven-repository\asm\asm-commons\3.3\asm-commons-3.3.jar;D:\Developer\maven-repository\asm\asm-tree\3.3\asm-tree-3.3.jar;D:\Developer\maven-repository\org\freemarker\freemarker\2.3.19\freemarker-2.3.19.jar;D:\Developer\maven-repository\ognl\ognl\3.0.5\ognl-3.0.5.jar;D:\Developer\maven-repository\commons-fileupload\commons-fileupload\1.2.2\commons-fileupload-1.2.2.jar;D:\Developer\maven-repository\commons-io\commons-io\2.0.1\commons-io-2.0.1.jar;D:\Developer\maven-repository\org\apache\struts\struts2-spring-plugin\2.3.29\struts2-spring-plugin-2.3.29.jar;D:\Developer\maven-repository\org\apache\commons\commons-lang3\3.2\commons-lang3-3.2.jar;D:\Developer\maven-repository\javassist\javassist\3.11.0.GA\javassist-3.11.0.GA.jar;, hibernate.bytecode.use_reflection_optimizer=false, hibernate.show_sql=true, java.vm.specification.version=1.7, sun.arch.data.model=64, java.home=C:\Program Files\Java\jdk1.7.0_67\jre, sun.java.command=G:\Java\worspace\shop\target\surefire\surefirebooter3485273114146788216.jar G:\Java\worspace\shop\target\surefire\surefire8232927601155228842tmp G:\Java\worspace\shop\target\surefire\surefire_01455420137235872508tmp, hibernate.dialect=org.hibernate.dialect.MySQLDialect, java.specification.vendor=Oracle Corporation, user.language=zh, awt.toolkit=sun.awt.windows.WToolkit, java.vm.info=mixed mode, java.version=1.7.0_67, java.ext.dirs=C:\Program Files\Java\jdk1.7.0_67\jre\lib\ext;C:\WINDOWS\Sun\Java\lib\ext, sun.boot.class.path=C:\Program Files\Java\jdk1.7.0_67\jre\lib\resources.jar;C:\Program Files\Java\jdk1.7.0_67\jre\lib\rt.jar;C:\Program Files\Java\jdk1.7.0_67\jre\lib\sunrsasign.jar;C:\Program Files\Java\jdk1.7.0_67\jre\lib\jsse.jar;C:\Program Files\Java\jdk1.7.0_67\jre\lib\jce.jar;C:\Program Files\Java\jdk1.7.0_67\jre\lib\charsets.jar;C:\Program Files\Java\jdk1.7.0_67\jre\lib\jfr.jar;C:\Program Files\Java\jdk1.7.0_67\jre\classes, java.vendor=Oracle Corporation, localRepository=D:\Developer\maven-repository, file.separator=\, java.vendor.url.bug=http://bugreport.sun.com/bugreport/, hibernate.connection.provider_class=org.springframework.orm.hibernate3.LocalDataSourceConnectionProvider, sun.cpu.endian=little, sun.io.unicode.encoding=UnicodeLittle, sun.desktop=windows, sun.cpu.isalist=amd64}
  2016-07-22 15:34:07 [ main:2795 ] - [ DEBUG ] initializing class SessionFactoryObjectFactory
  2016-07-22 15:34:07 [ main:2796 ] - [ DEBUG ] registered: 43e92973-573b-45a4-be9a-a261caa7d3ef (unnamed)
  2016-07-22 15:34:07 [ main:2796 ] - [ INFO ] Not binding factory to JNDI, no JNDI name configured
  2016-07-22 15:34:07 [ main:2797 ] - [ DEBUG ] instantiated session factory
  2016-07-22 15:34:07 [ main:2797 ] - [ DEBUG ] Checking 0 named HQL queries
  2016-07-22 15:34:07 [ main:2798 ] - [ DEBUG ] Checking 0 named SQL queries
  2016-07-22 15:34:07 [ main:2799 ] - [ DEBUG ] Returning cached instance of singleton bean 'org.springframework.aop.support.DefaultBeanFactoryPointcutAdvisor#0'
  2016-07-22 15:34:07 [ main:2800 ] - [ DEBUG ] Returning cached instance of singleton bean 'org.springframework.aop.support.DefaultBeanFactoryPointcutAdvisor#0'
  2016-07-22 15:34:07 [ main:2821 ] - [ DEBUG ] Finished creating instance of bean 'sessionFactory'
  2016-07-22 15:34:07 [ main:2822 ] - [ DEBUG ] Returning cached instance of singleton bean 'org.springframework.aop.support.DefaultBeanFactoryPointcutAdvisor#0'
  2016-07-22 15:34:07 [ main:2822 ] - [ DEBUG ] Returning cached instance of singleton bean 'org.springframework.aop.support.DefaultBeanFactoryPointcutAdvisor#0'
  2016-07-22 15:34:07 [ main:2870 ] - [ DEBUG ] Returning cached instance of singleton bean 'org.springframework.aop.support.DefaultBeanFactoryPointcutAdvisor#0'
  2016-07-22 15:34:07 [ main:2871 ] - [ DEBUG ] Returning cached instance of singleton bean 'org.springframework.aop.support.DefaultBeanFactoryPointcutAdvisor#0'
  2016-07-22 15:34:07 [ main:2872 ] - [ DEBUG ] Finished creating instance of bean 'categoryService'
  2016-07-22 15:34:07 [ main:2873 ] - [ DEBUG ] Returning cached instance of singleton bean 'org.springframework.context.support.PropertySourcesPlaceholderConfigurer#0'
  2016-07-22 15:34:07 [ main:2873 ] - [ DEBUG ] Returning cached instance of singleton bean 'dataSource'
  2016-07-22 15:34:07 [ main:2873 ] - [ DEBUG ] Returning cached instance of singleton bean 'sessionFactory'
  2016-07-22 15:34:07 [ main:2874 ] - [ DEBUG ] Creating shared instance of singleton bean 'transactionManager'
  2016-07-22 15:34:07 [ main:2874 ] - [ DEBUG ] Creating instance of bean 'transactionManager'
  2016-07-22 15:34:07 [ main:2875 ] - [ DEBUG ] Returning cached instance of singleton bean 'org.springframework.aop.support.DefaultBeanFactoryPointcutAdvisor#0'
  2016-07-22 15:34:07 [ main:2883 ] - [ DEBUG ] Eagerly caching bean 'transactionManager' to allow for resolving potential circular references
  2016-07-22 15:34:07 [ main:2887 ] - [ DEBUG ] Returning cached instance of singleton bean 'dataSource'
  2016-07-22 15:34:07 [ main:2888 ] - [ DEBUG ] Returning cached instance of singleton bean 'sessionFactory'
  2016-07-22 15:34:07 [ main:2888 ] - [ DEBUG ] Invoking afterPropertiesSet() on bean with name 'transactionManager'
  2016-07-22 15:34:07 [ main:2889 ] - [ DEBUG ] Returning cached instance of singleton bean 'org.springframework.aop.support.DefaultBeanFactoryPointcutAdvisor#0'
  2016-07-22 15:34:07 [ main:2889 ] - [ DEBUG ] Returning cached instance of singleton bean 'org.springframework.aop.support.DefaultBeanFactoryPointcutAdvisor#0'
  2016-07-22 15:34:07 [ main:2898 ] - [ DEBUG ] Finished creating instance of bean 'transactionManager'
  2016-07-22 15:34:07 [ main:2899 ] - [ DEBUG ] Creating shared instance of singleton bean 'txAdvice'
  2016-07-22 15:34:07 [ main:2899 ] - [ DEBUG ] Creating instance of bean 'txAdvice'
  2016-07-22 15:34:07 [ main:2901 ] - [ DEBUG ] Eagerly caching bean 'txAdvice' to allow for resolving potential circular references
  2016-07-22 15:34:07 [ main:2905 ] - [ DEBUG ] Returning cached instance of singleton bean 'transactionManager'
  2016-07-22 15:34:07 [ main:2905 ] - [ DEBUG ] Creating instance of bean '(inner bean)#46a09061'
  2016-07-22 15:34:07 [ main:2906 ] - [ DEBUG ] Returning cached instance of singleton bean 'org.springframework.aop.support.DefaultBeanFactoryPointcutAdvisor#0'
  2016-07-22 15:34:07 [ main:2911 ] - [ DEBUG ] Adding transactional method [save*] with attribute [PROPAGATION_REQUIRED,ISOLATION_DEFAULT]
  2016-07-22 15:34:07 [ main:2911 ] - [ DEBUG ] Adding transactional method [update*] with attribute [PROPAGATION_REQUIRED,ISOLATION_DEFAULT]
  2016-07-22 15:34:07 [ main:2912 ] - [ DEBUG ] Adding transactional method [delete*] with attribute [PROPAGATION_REQUIRED,ISOLATION_DEFAULT]
  2016-07-22 15:34:07 [ main:2912 ] - [ DEBUG ] Adding transactional method [query*] with attribute [PROPAGATION_SUPPORTS,ISOLATION_DEFAULT]
  2016-07-22 15:34:07 [ main:2913 ] - [ DEBUG ] Returning cached instance of singleton bean 'org.springframework.aop.support.DefaultBeanFactoryPointcutAdvisor#0'
  2016-07-22 15:34:07 [ main:2913 ] - [ DEBUG ] Returning cached instance of singleton bean 'org.springframework.aop.support.DefaultBeanFactoryPointcutAdvisor#0'
  2016-07-22 15:34:07 [ main:2916 ] - [ DEBUG ] Finished creating instance of bean '(inner bean)#46a09061'
  2016-07-22 15:34:07 [ main:2917 ] - [ DEBUG ] Invoking afterPropertiesSet() on bean with name 'txAdvice'
  2016-07-22 15:34:07 [ main:2917 ] - [ DEBUG ] Finished creating instance of bean 'txAdvice'
  2016-07-22 15:34:07 [ main:2917 ] - [ DEBUG ] Returning cached instance of singleton bean 'org.springframework.aop.config.internalAutoProxyCreator'
  2016-07-22 15:34:07 [ main:2918 ] - [ DEBUG ] Returning cached instance of singleton bean 'org.springframework.aop.support.DefaultBeanFactoryPointcutAdvisor#0'
  2016-07-22 15:34:07 [ main:2918 ] - [ DEBUG ] Returning cached instance of singleton bean 'org.springframework.context.annotation.internalConfigurationAnnotationProcessor'
  2016-07-22 15:34:07 [ main:2918 ] - [ DEBUG ] Returning cached instance of singleton bean 'org.springframework.context.annotation.internalAutowiredAnnotationProcessor'
  2016-07-22 15:34:07 [ main:2919 ] - [ DEBUG ] Returning cached instance of singleton bean 'org.springframework.context.annotation.internalRequiredAnnotationProcessor'
  2016-07-22 15:34:07 [ main:2919 ] - [ DEBUG ] Returning cached instance of singleton bean 'org.springframework.context.annotation.internalCommonAnnotationProcessor'
  2016-07-22 15:34:07 [ main:2919 ] - [ DEBUG ] Returning cached instance of singleton bean 'org.springframework.context.annotation.internalPersistenceAnnotationProcessor'
  2016-07-22 15:34:07 [ main:2919 ] - [ DEBUG ] Returning cached instance of singleton bean 'org.springframework.context.annotation.ConfigurationClassPostProcessor.importAwareProcessor'
  2016-07-22 15:34:07 [ main:2922 ] - [ DEBUG ] Unable to locate LifecycleProcessor with name 'lifecycleProcessor': using default [org.springframework.context.support.DefaultLifecycleProcessor@3e322a4c]
  2016-07-22 15:34:07 [ main:2922 ] - [ DEBUG ] Returning cached instance of singleton bean 'lifecycleProcessor'
  2016-07-22 15:34:07 [ main:2925 ] - [ DEBUG ] Searching for key 'spring.liveBeansView.mbeanDomain' in [systemProperties]
  2016-07-22 15:34:07 [ main:2926 ] - [ DEBUG ] Searching for key 'spring.liveBeansView.mbeanDomain' in [systemEnvironment]
  2016-07-22 15:34:07 [ main:2927 ] - [ DEBUG ] Could not find key 'spring.liveBeansView.mbeanDomain' in any property source. Returning [null]
  2016-07-22 15:34:07 [ main:2927 ] - [ DEBUG ] Storing ApplicationContext in cache under key [[MergedContextConfiguration@2dec0883 testClass = ShopTest, locations = '{classpath*:applicationContext-*.xml}', classes = '{}', contextInitializerClasses = '[]', activeProfiles = '{}', contextLoader = 'org.springframework.test.context.support.DelegatingSmartContextLoader', parent = [null]]].
  2016-07-22 15:34:07 [ main:2932 ] - [ DEBUG ] Processing injected method of bean 'com.panjoy.shop.ShopTest': ResourceElement for public com.panjoy.service.CategoryService com.panjoy.shop.ShopTest.categoryService
  2016-07-22 15:34:07 [ main:2932 ] - [ DEBUG ] Returning cached instance of singleton bean 'categoryService'
  2016-07-22 15:34:07 [ main:2933 ] - [ DEBUG ] Returning cached instance of singleton bean 'org.springframework.aop.support.DefaultBeanFactoryPointcutAdvisor#0'
  2016-07-22 15:34:07 [ main:2934 ] - [ DEBUG ] Returning cached instance of singleton bean 'org.springframework.aop.support.DefaultBeanFactoryPointcutAdvisor#0'
  2016-07-22 15:34:07 [ main:2939 ] - [ DEBUG ] After test method: context [[TestContext@2e510e35 testClass = ShopTest, testInstance = com.panjoy.shop.ShopTest@4b7bd154, testMethod = TestHibernate@ShopTest, testException = java.lang.NullPointerException, mergedContextConfiguration = [MergedContextConfiguration@2dec0883 testClass = ShopTest, locations = '{classpath*:applicationContext-*.xml}', classes = '{}', contextInitializerClasses = '[]', activeProfiles = '{}', contextLoader = 'org.springframework.test.context.support.DelegatingSmartContextLoader', parent = [null]]]], class dirties context [false], class mode [null], method dirties context [false].
  2016-07-22 15:34:07 [ main:2944 ] - [ DEBUG ] After test class: context [[TestContext@2e510e35 testClass = ShopTest, testInstance = [null], testMethod = [null], testException = [null], mergedContextConfiguration = [MergedContextConfiguration@2dec0883 testClass = ShopTest, locations = '{classpath*:applicationContext-*.xml}', classes = '{}', contextInitializerClasses = '[]', activeProfiles = '{}', contextLoader = 'org.springframework.test.context.support.DelegatingSmartContextLoader', parent = [null]]]], dirtiesContext [false].
  2016-07-22 15:34:07 [ Thread-5:2947 ] - [ INFO ] Closing org.springframework.context.support.GenericApplicationContext@a52a72a: startup date [Fri Jul 22 15:34:05 CST 2016]; root of context hierarchy
  2016-07-22 15:34:07 [ Thread-5:2948 ] - [ DEBUG ] Returning cached instance of singleton bean 'lifecycleProcessor'
  2016-07-22 15:34:07 [ Thread-5:2948 ] - [ INFO ] Destroying singletons in org.springframework.beans.factory.support.DefaultListableBeanFactory@745ad2de: defining beans [categoryService,org.springframework.context.support.PropertySourcesPlaceholderConfigurer#0,dataSource,sessionFactory,transactionManager,txAdvice,org.springframework.aop.config.internalAutoProxyCreator,pointcut,org.springframework.aop.support.DefaultBeanFactoryPointcutAdvisor#0,org.springframework.context.annotation.internalConfigurationAnnotationProcessor,org.springframework.context.annotation.internalAutowiredAnnotationProcessor,org.springframework.context.annotation.internalRequiredAnnotationProcessor,org.springframework.context.annotation.internalCommonAnnotationProcessor,org.springframework.context.annotation.internalPersistenceAnnotationProcessor,org.springframework.context.annotation.ConfigurationClassPostProcessor.importAwareProcessor]; root of factory hierarchy
  2016-07-22 15:34:07 [ Thread-5:2957 ] - [ DEBUG ] Retrieved dependent beans for bean '(inner bean)#46a09061': [txAdvice]
  2016-07-22 15:34:07 [ Thread-5:2958 ] - [ DEBUG ] Retrieved dependent beans for bean 'categoryService': [com.panjoy.shop.ShopTest]
  2016-07-22 15:34:07 [ Thread-5:2958 ] - [ DEBUG ] Invoking destroy() on bean with name 'sessionFactory'
  2016-07-22 15:34:07 [ Thread-5:2959 ] - [ INFO ] Closing Hibernate SessionFactory
  2016-07-22 15:34:07 [ Thread-5:2959 ] - [ INFO ] closing
  